10:31 INFO    : Running for label 'abwysqyTomasManual', output will be saved to './outdir/abwysqyManualInjection'
10:31 INFO    : Search parameters:
10:31 INFO    :   thetaWing = Uniform(minimum=0.7662421106316569, maximum=0.7853981633974483, name='theta_wing', latex_label='$\\theta_w$', unit=None, boundary=None)
10:31 INFO    :   luminosity_distance = 2.09
10:31 INFO    :   KNtimeshift = 0.0
10:31 INFO    :   inclination_EM = 0.19
10:31 INFO    :   log10_E0 = 52.79
10:31 INFO    :   thetaCore = 0.24
10:31 INFO    :   log10_n0 = -1.29
10:31 INFO    :   p = 2.4
10:31 INFO    :   log10_epsilon_e = -0.39
10:31 INFO    :   log10_epsilon_B = -4.19
10:31 INFO    :   ksiN = 1.0
10:31 INFO    :   L0 = 0.0
10:31 INFO    :   dL = 3.09e+19
10:31 INFO    :   b = 6.0
10:31 INFO    :   q = 0.0
10:31 INFO    :   ts = 0.0
10:31 INFO    :   Ebv = 0.0
10:31 WARNING : Supplied argument 'npool' not an argument of 'Pymultinest', removing.
10:31 WARNING : Supplied argument 'queue_size' not an argument of 'Pymultinest', removing.
10:31 WARNING : Supplied argument 'check_point_delta_t' not an argument of 'Pymultinest', removing.
10:31 INFO    : Using sampler Pymultinest with kwargs {'importance_nested_sampling': False, 'resume': True, 'verbose': True, 'sampling_efficiency': 'parameter', 'n_live_points': 512, 'n_params': 1, 'n_clustering_params': None, 'wrapped_params': None, 'multimodal': True, 'const_efficiency_mode': False, 'evidence_tolerance': 0.5, 'n_iter_before_update': 100, 'null_log_evidence': -1e+90, 'max_modes': 100, 'mode_tolerance': -1e+90, 'seed': 42, 'context': 0, 'write_output': True, 'log_zero': -1e+100, 'max_iter': 0, 'init_MPI': False, 'dump_callback': <bound method Pymultinest._dump_callback of <bilby.core.sampler.pymultinest.Pymultinest object at 0x7f3daae5e1d0>>}
10:31 INFO    : Using temporary file /tmp/tmp918t3h9e
10:54 INFO    : Overwriting ./outdir/abwysqyManualInjection/pm_abwysqyTomasManual/ with /tmp/tmp918t3h9e/
10:54 INFO    : Overwriting ./outdir/abwysqyManualInjection/pm_abwysqyTomasManual/ with /tmp/tmp918t3h9e/
10:54 INFO    : Overwriting ./outdir/abwysqyManualInjection/pm_abwysqyTomasManual/ with /tmp/tmp918t3h9e/
10:54 INFO    : Sampling time: 0:22:27.465001
10:54 INFO    : Summary of results:
nsamples: 1000
ln_noise_evidence:  0.000
ln_evidence: -130.023 +/-    nan
ln_bayes_factor: -130.023 +/-    nan

10:54 INFO    : Writing samples file to /mnt/c/Users/Tyler/Documents/Github/nmma_fitter/outdir/abwysqyManualInjection/abwysqyTomasManual_posterior_samples.dat
