15:07 INFO    : Running for label 'abwysqyForced_Piro2021', output will be saved to './outdir/abwysqyForced_Piro2021'
15:07 INFO    : Analysis priors:
15:07 INFO    : luminosity_distance=Uniform(minimum=0.0, maximum=1000.0, name='luminosity_distance', latex_label='$D_L$', unit=None, boundary=None)
15:07 INFO    : log10_Menv=Uniform(minimum=-5.0, maximum=0.0, name='log10_Menv', latex_label='$\\log_{10}M^{\\rm{env}}$', unit=None, boundary=None)
15:07 INFO    : log10_Renv=Uniform(minimum=10.0, maximum=15, name='log10_Renv', latex_label='$\\log_{10}R^{\\rm{env}}$', unit=None, boundary=None)
15:07 INFO    : log10_Ee=Uniform(minimum=47.0, maximum=52.0, name='log10_Eext', latex_label='$\\log_{10}E^{\\rm{e}}$', unit=None, boundary=None)
15:07 INFO    : Ebv=Interped(xx=array([0.    , 0.5724]), yy=array([3.4940601, 0.       ]), minimum=0.0, maximum=0.5724, name='Ebv', latex_label='$E(B-V)$', unit=None, boundary=None)
15:07 INFO    : KNtimeshift=0.0
15:07 INFO    : Analysis likelihood class: <class 'nmma.em.likelihood.OpticalLightCurve'>
15:07 INFO    : Analysis likelihood noise evidence: 0.0
15:07 WARNING : Supplied argument 'queue_size' not an argument of 'Pymultinest', removing.
15:07 WARNING : Supplied argument 'check_point_delta_t' not an argument of 'Pymultinest', removing.
15:07 INFO    : Using sampler Pymultinest with kwargs {'importance_nested_sampling': False, 'resume': True, 'verbose': True, 'sampling_efficiency': 'parameter', 'n_live_points': 128, 'n_params': 5, 'n_clustering_params': None, 'wrapped_params': None, 'multimodal': True, 'const_efficiency_mode': False, 'evidence_tolerance': 0.5, 'n_iter_before_update': 100, 'null_log_evidence': -1e+90, 'max_modes': 100, 'mode_tolerance': -1e+90, 'seed': 42, 'context': 0, 'write_output': True, 'log_zero': -1e+100, 'max_iter': 0, 'init_MPI': False, 'dump_callback': <bound method Pymultinest._dump_callback of <bilby.core.sampler.pymultinest.Pymultinest object at 0x7f16927e8eb0>>}
15:07 INFO    : Using temporary file /tmp/tmpjm94s8o6
15:07 INFO    : Overwriting ./outdir/abwysqyForced_Piro2021/pm_abwysqyForced_Piro2021/ with /tmp/tmpjm94s8o6/
15:07 INFO    : Overwriting ./outdir/abwysqyForced_Piro2021/pm_abwysqyForced_Piro2021/ with /tmp/tmpjm94s8o6/
15:07 INFO    : Overwriting ./outdir/abwysqyForced_Piro2021/pm_abwysqyForced_Piro2021/ with /tmp/tmpjm94s8o6/
15:07 INFO    : Sampling time: 0:00:10.037986
15:07 INFO    : Summary of results:
nsamples: 508
ln_noise_evidence:  0.000
ln_evidence: -9.922 +/-  0.193
ln_bayes_factor: -9.922 +/-  0.193

15:07 INFO    : Writing samples file to /home/tyler/nmma_fitter/outdir/abwysqyForced_Piro2021/abwysqyForced_Piro2021_posterior_samples.dat
15:08 INFO    : Running for label 'abwysqyForced_Piro2021', output will be saved to './outdir/abwysqyForced_Piro2021'
15:08 INFO    : Analysis priors:
15:08 INFO    : luminosity_distance=Uniform(minimum=0.0, maximum=1000.0, name='luminosity_distance', latex_label='$D_L$', unit=None, boundary=None)
15:08 INFO    : log10_Menv=Uniform(minimum=-5.0, maximum=0.0, name='log10_Menv', latex_label='$\\log_{10}M^{\\rm{env}}$', unit=None, boundary=None)
15:08 INFO    : log10_Renv=Uniform(minimum=10.0, maximum=15, name='log10_Renv', latex_label='$\\log_{10}R^{\\rm{env}}$', unit=None, boundary=None)
15:08 INFO    : log10_Ee=Uniform(minimum=47.0, maximum=52.0, name='log10_Eext', latex_label='$\\log_{10}E^{\\rm{e}}$', unit=None, boundary=None)
15:08 INFO    : Ebv=Interped(xx=array([0.    , 0.5724]), yy=array([3.4940601, 0.       ]), minimum=0.0, maximum=0.5724, name='Ebv', latex_label='$E(B-V)$', unit=None, boundary=None)
15:08 INFO    : KNtimeshift=0.0
15:08 INFO    : Analysis likelihood class: <class 'nmma.em.likelihood.OpticalLightCurve'>
15:08 INFO    : Analysis likelihood noise evidence: 0.0
15:08 WARNING : Supplied argument 'queue_size' not an argument of 'Pymultinest', removing.
15:08 WARNING : Supplied argument 'check_point_delta_t' not an argument of 'Pymultinest', removing.
15:08 WARNING : Using cached result
15:08 INFO    : Summary of results:
nsamples: 508
ln_noise_evidence:  0.000
ln_evidence: -9.922 +/-  0.193
ln_bayes_factor: -9.922 +/-  0.193

15:08 INFO    : Writing samples file to /home/tyler/nmma_fitter/outdir/abwysqyForced_Piro2021/abwysqyForced_Piro2021_posterior_samples.dat
