15:03 INFO    : Running for label 'TrPiabwysqyManual', output will be saved to 'outdir/igorWithTomasParams'
15:03 INFO    : Search parameters:
15:03 INFO    :   Ebv = Interped(xx=array([0.    , 0.5724]), yy=array([3.4940601, 0.       ]), minimum=0.0, maximum=0.5724, name='Ebv', latex_label='$E(B-V)$', unit=None, boundary=None)
15:03 INFO    :   luminosity_distance = 2060.0
15:03 INFO    :   KNtimeshift = 0.0
15:03 INFO    :   inclination_EM = 0.19
15:03 INFO    :   log10_E0 = 52.79
15:03 INFO    :   thetaCore = 0.24
15:03 INFO    :   thetaWing = 0.76
15:03 INFO    :   log10_n0 = -1.29
15:03 INFO    :   p = 2.4
15:03 INFO    :   log10_epsilon_e = -0.39
15:03 INFO    :   log10_epsilon_B = -4.19
15:03 INFO    :   ksiN = 1.0
15:03 INFO    :   L0 = 0.0
15:03 INFO    :   dL = 3.09e+19
15:03 INFO    :   b = 6.0
15:03 INFO    :   q = 0.0
15:03 INFO    :   ts = 0.0
15:03 WARNING : Supplied argument 'npool' not an argument of 'Pymultinest', removing.
15:03 WARNING : Supplied argument 'queue_size' not an argument of 'Pymultinest', removing.
15:03 WARNING : Supplied argument 'check_point_delta_t' not an argument of 'Pymultinest', removing.
15:03 INFO    : Using sampler Pymultinest with kwargs {'importance_nested_sampling': False, 'resume': True, 'verbose': True, 'sampling_efficiency': 'parameter', 'n_live_points': 512, 'n_params': 1, 'n_clustering_params': None, 'wrapped_params': None, 'multimodal': True, 'const_efficiency_mode': False, 'evidence_tolerance': 0.5, 'n_iter_before_update': 100, 'null_log_evidence': -1e+90, 'max_modes': 100, 'mode_tolerance': -1e+90, 'seed': 42, 'context': 0, 'write_output': True, 'log_zero': -1e+100, 'max_iter': 0, 'init_MPI': False, 'dump_callback': <bound method Pymultinest._dump_callback of <bilby.core.sampler.pymultinest.Pymultinest object at 0x7f57664567d0>>}
15:03 INFO    : Using temporary file /tmp/tmppvja0ol5
15:12 INFO    : Overwriting outdir/igorWithTomasParams/pm_TrPiabwysqyManual/ with /tmp/tmppvja0ol5/
15:14 INFO    : Overwriting outdir/igorWithTomasParams/pm_TrPiabwysqyManual/ with /tmp/tmppvja0ol5/
15:14 INFO    : Overwriting outdir/igorWithTomasParams/pm_TrPiabwysqyManual/ with /tmp/tmppvja0ol5/
15:14 INFO    : Overwriting outdir/igorWithTomasParams/pm_TrPiabwysqyManual/ with /tmp/tmppvja0ol5/
15:14 INFO    : Sampling time: 0:10:58.862084
15:14 INFO    : Summary of results:
nsamples: 1606
ln_noise_evidence:  0.000
ln_evidence: -2.883 +/-  0.031
ln_bayes_factor: -2.883 +/-  0.031

15:14 INFO    : Writing samples file to /mnt/c/Users/Tyler/Documents/Github/nmma_fitter/outdir/igorWithTomasParams/TrPiabwysqyManual_posterior_samples.dat
