15:01 INFO    : Running for label 'TrPiTomas', output will be saved to 'outdir/tomasWithTomasParams'
15:01 INFO    : Search parameters:
15:01 INFO    :   Ebv = Interped(xx=array([0.    , 0.5724]), yy=array([3.4940601, 0.       ]), minimum=0.0, maximum=0.5724, name='Ebv', latex_label='$E(B-V)$', unit=None, boundary=None)
15:01 INFO    :   luminosity_distance = 2060.0
15:01 INFO    :   KNtimeshift = 0.0
15:01 INFO    :   inclination_EM = 0.19
15:01 INFO    :   log10_E0 = 52.79
15:01 INFO    :   thetaCore = 0.24
15:01 INFO    :   thetaWing = 0.76
15:01 INFO    :   log10_n0 = -1.29
15:01 INFO    :   p = 2.4
15:01 INFO    :   log10_epsilon_e = -0.39
15:01 INFO    :   log10_epsilon_B = -4.19
15:01 INFO    :   ksiN = 1.0
15:01 INFO    :   L0 = 0.0
15:01 INFO    :   dL = 3.09e+19
15:01 INFO    :   b = 6.0
15:01 INFO    :   q = 0.0
15:01 INFO    :   ts = 0.0
15:01 WARNING : Supplied argument 'npool' not an argument of 'Pymultinest', removing.
15:01 WARNING : Supplied argument 'queue_size' not an argument of 'Pymultinest', removing.
15:01 WARNING : Supplied argument 'check_point_delta_t' not an argument of 'Pymultinest', removing.
15:01 INFO    : Using sampler Pymultinest with kwargs {'importance_nested_sampling': False, 'resume': True, 'verbose': True, 'sampling_efficiency': 'parameter', 'n_live_points': 512, 'n_params': 1, 'n_clustering_params': None, 'wrapped_params': None, 'multimodal': True, 'const_efficiency_mode': False, 'evidence_tolerance': 0.5, 'n_iter_before_update': 100, 'null_log_evidence': -1e+90, 'max_modes': 100, 'mode_tolerance': -1e+90, 'seed': 42, 'context': 0, 'write_output': True, 'log_zero': -1e+100, 'max_iter': 0, 'init_MPI': False, 'dump_callback': <bound method Pymultinest._dump_callback of <bilby.core.sampler.pymultinest.Pymultinest object at 0x7fbdeb476740>>}
15:01 INFO    : Using temporary file /tmp/tmpl3d5jxyl
