10:29 INFO    : Running for label 'nugent-hyper', output will be saved to './ZTF22aatuvld'
10:29 INFO    : Running for label 'nugent-hyper', output will be saved to './ZTF22aatuvld'
10:30 INFO    : Search parameters:
10:30 INFO    : Search parameters:
10:30 INFO    :   luminosity_distance = Uniform(minimum=0, maximum=7000, name='luminosity_distance', latex_label='$D_L$', unit=None, boundary=None)
10:30 INFO    :   luminosity_distance = Uniform(minimum=0, maximum=7000, name='luminosity_distance', latex_label='$D_L$', unit=None, boundary=None)
10:30 INFO    :   KNtimeshift = Uniform(minimum=-1.5, maximum=0.0, name='t0', latex_label='$t_0$', unit=None, boundary=None)
10:30 INFO    :   KNtimeshift = Uniform(minimum=-1.5, maximum=0.0, name='t0', latex_label='$t_0$', unit=None, boundary=None)
10:30 INFO    :   inclination_EM = Sine(minimum=0, maximum=0.8, name='inclination_EM', latex_label='$\\iota$', unit=None, boundary=None)
10:30 INFO    :   inclination_EM = Sine(minimum=0, maximum=0.8, name='inclination_EM', latex_label='$\\iota$', unit=None, boundary=None)
10:30 INFO    :   supernova_mag_boost = Uniform(minimum=-5.0, maximum=5.0, name='supernova_mag_boost', latex_label='$\\rm{SNmag}$', unit=None, boundary=None)
10:30 INFO    :   supernova_mag_boost = Uniform(minimum=-5.0, maximum=5.0, name='supernova_mag_boost', latex_label='$\\rm{SNmag}$', unit=None, boundary=None)
10:30 INFO    :   Ebv = Interped(xx=array([0.    , 0.5724]), yy=array([3.4940601, 0.       ]), minimum=0.0, maximum=0.5724, name='Ebv', latex_label='$E(B-V)$', unit=None, boundary=None)
10:30 INFO    :   Ebv = Interped(xx=array([0.    , 0.5724]), yy=array([3.4940601, 0.       ]), minimum=0.0, maximum=0.5724, name='Ebv', latex_label='$E(B-V)$', unit=None, boundary=None)
10:30 WARNING : Supplied argument 'npool' not an argument of 'Pymultinest', removing.
10:30 WARNING : Supplied argument 'queue_size' not an argument of 'Pymultinest', removing.
10:30 WARNING : Supplied argument 'npool' not an argument of 'Pymultinest', removing.
10:30 WARNING : Supplied argument 'check_point_delta_t' not an argument of 'Pymultinest', removing.
10:30 WARNING : Supplied argument 'queue_size' not an argument of 'Pymultinest', removing.
10:30 WARNING : Supplied argument 'check_point_delta_t' not an argument of 'Pymultinest', removing.
10:30 INFO    : Using sampler Pymultinest with kwargs {'importance_nested_sampling': False, 'resume': True, 'verbose': True, 'sampling_efficiency': 'parameter', 'n_live_points': 512, 'n_params': 5, 'n_clustering_params': None, 'wrapped_params': None, 'multimodal': True, 'const_efficiency_mode': False, 'evidence_tolerance': 0.5, 'n_iter_before_update': 100, 'null_log_evidence': -1e+90, 'max_modes': 100, 'mode_tolerance': -1e+90, 'seed': 42, 'context': 0, 'write_output': True, 'log_zero': -1e+100, 'max_iter': 0, 'init_MPI': False, 'dump_callback': <bound method Pymultinest._dump_callback of <bilby.core.sampler.pymultinest.Pymultinest object at 0x2b37dcc81c50>>}
10:30 INFO    : Using sampler Pymultinest with kwargs {'importance_nested_sampling': False, 'resume': True, 'verbose': True, 'sampling_efficiency': 'parameter', 'n_live_points': 512, 'n_params': 5, 'n_clustering_params': None, 'wrapped_params': None, 'multimodal': True, 'const_efficiency_mode': False, 'evidence_tolerance': 0.5, 'n_iter_before_update': 100, 'null_log_evidence': -1e+90, 'max_modes': 100, 'mode_tolerance': -1e+90, 'seed': 42, 'context': 0, 'write_output': True, 'log_zero': -1e+100, 'max_iter': 0, 'init_MPI': False, 'dump_callback': <bound method Pymultinest._dump_callback of <bilby.core.sampler.pymultinest.Pymultinest object at 0x2b3cf8f88c90>>}
10:30 INFO    : Temporary directory incompatible with MPI, will run in original directory
10:30 INFO    : Temporary directory incompatible with MPI, will run in original directory
10:30 INFO    : Using output file ./ZTF22aatuvld/pm_nugent-hyper/
10:30 INFO    : Using output file ./ZTF22aatuvld/pm_nugent-hyper/
10:30 INFO    : Sampling time: 0:00:51.012420
10:30 INFO    : Sampling time: 0:00:51.018489
10:30 INFO    : Summary of results:
nsamples: 2452
ln_noise_evidence:  0.000
ln_evidence: -17.232 +/-  0.083
ln_bayes_factor: -17.232 +/-  0.083

10:30 INFO    : Summary of results:
nsamples: 2452
ln_noise_evidence:  0.000
ln_evidence: -17.232 +/-  0.083
ln_bayes_factor: -17.232 +/-  0.083

10:30 INFO    : Writing samples file to /panfs/roc/groups/7/cough052/shared/ztfrest/candidate_fits/2459779-2459786/ZTF22aatuvld/nugent-hyper_posterior_samples.dat
10:30 INFO    : Writing samples file to /panfs/roc/groups/7/cough052/shared/ztfrest/candidate_fits/2459779-2459786/ZTF22aatuvld/nugent-hyper_posterior_samples.dat
