11:15 INFO    : Running for label 'ZTF23aaeiyeq', output will be saved to './outdir/ZTF23aaeiyeq/'
11:15 INFO    : Analysis priors:
11:15 INFO    : luminosity_distance=Uniform(minimum=0, maximum=7000, name='luminosity_distance', latex_label='$D_L$', unit=None, boundary=None)
11:15 INFO    : KNtimeshift=Uniform(minimum=-2.0, maximum=1.0, name='trigger_time', latex_label='$t_0$', unit=None, boundary=None)
11:15 INFO    : supernova_mag_boost=Uniform(minimum=-5.0, maximum=5.0, name='supernova_mag_boost', latex_label='$\\rm{SNmag}$', unit=None, boundary=None)
11:15 INFO    : Ebv=Interped(xx=array([0.    , 0.5724]), yy=array([3.4940601, 0.       ]), minimum=0.0, maximum=0.5724, name='Ebv', latex_label='$E(B-V)$', unit=None, boundary=None)
11:15 INFO    : Analysis likelihood class: <class 'nmma.em.likelihood.OpticalLightCurve'>
11:15 INFO    : Analysis likelihood noise evidence: 0.0
11:15 WARNING : Supplied argument 'queue_size' not an argument of 'Pymultinest', removing.
11:15 WARNING : Supplied argument 'check_point_delta_t' not an argument of 'Pymultinest', removing.
11:15 INFO    : Using sampler Pymultinest with kwargs {'importance_nested_sampling': False, 'resume': True, 'verbose': True, 'sampling_efficiency': 'parameter', 'n_live_points': 256, 'n_params': 4, 'n_clustering_params': None, 'wrapped_params': None, 'multimodal': True, 'const_efficiency_mode': False, 'evidence_tolerance': 0.5, 'n_iter_before_update': 100, 'null_log_evidence': -1e+90, 'max_modes': 100, 'mode_tolerance': -1e+90, 'seed': 42, 'context': 0, 'write_output': True, 'log_zero': -1e+100, 'max_iter': 0, 'init_MPI': False, 'dump_callback': <bound method Pymultinest._dump_callback of <bilby.core.sampler.pymultinest.Pymultinest object at 0x7f58cb341ee0>>}
11:15 INFO    : Using temporary file /tmp/tmp872lp6ae
11:15 INFO    : Overwriting ./outdir/ZTF23aaeiyeq//pm_ZTF23aaeiyeq/ with /tmp/tmp872lp6ae/
11:15 INFO    : Overwriting ./outdir/ZTF23aaeiyeq//pm_ZTF23aaeiyeq/ with /tmp/tmp872lp6ae/
11:15 INFO    : Overwriting ./outdir/ZTF23aaeiyeq//pm_ZTF23aaeiyeq/ with /tmp/tmp872lp6ae/
11:15 INFO    : Overwriting ./outdir/ZTF23aaeiyeq//pm_ZTF23aaeiyeq/ with /tmp/tmp872lp6ae/
11:15 INFO    : Sampling time: 0:00:15.716255
11:15 INFO    : Summary of results:
nsamples: 818
ln_noise_evidence:  0.000
ln_evidence: -15.517 +/-  0.109
ln_bayes_factor: -15.517 +/-  0.109

11:15 INFO    : Writing samples file to /home/tyler/nmma_fitter/outdir/ZTF23aaeiyeq/ZTF23aaeiyeq_posterior_samples.dat
11:16 INFO    : Running for label 'ZTF23aaeiyeq', output will be saved to './outdir/ZTF23aaeiyeq/'
11:16 INFO    : Analysis priors:
11:16 INFO    : luminosity_distance=Uniform(minimum=0, maximum=7000, name='luminosity_distance', latex_label='$D_L$', unit=None, boundary=None)
11:16 INFO    : KNtimeshift=Uniform(minimum=-2.0, maximum=1.0, name='trigger_time', latex_label='$t_0$', unit=None, boundary=None)
11:16 INFO    : supernova_mag_boost=Uniform(minimum=-5.0, maximum=5.0, name='supernova_mag_boost', latex_label='$\\rm{SNmag}$', unit=None, boundary=None)
11:16 INFO    : Ebv=Interped(xx=array([0.    , 0.5724]), yy=array([3.4940601, 0.       ]), minimum=0.0, maximum=0.5724, name='Ebv', latex_label='$E(B-V)$', unit=None, boundary=None)
11:16 INFO    : Analysis likelihood class: <class 'nmma.em.likelihood.OpticalLightCurve'>
11:16 INFO    : Analysis likelihood noise evidence: 0.0
11:16 WARNING : Supplied argument 'queue_size' not an argument of 'Pymultinest', removing.
11:16 WARNING : Supplied argument 'check_point_delta_t' not an argument of 'Pymultinest', removing.
11:16 WARNING : Using cached result
11:16 INFO    : Summary of results:
nsamples: 818
ln_noise_evidence:  0.000
ln_evidence: -15.517 +/-  0.109
ln_bayes_factor: -15.517 +/-  0.109

11:16 INFO    : Writing samples file to /home/tyler/nmma_fitter/outdir/ZTF23aaeiyeq/ZTF23aaeiyeq_posterior_samples.dat
11:16 INFO    : Running for label 'ZTF23aaeiyeq', output will be saved to './outdir/ZTF23aaeiyeq/'
11:16 INFO    : Analysis priors:
11:16 INFO    : luminosity_distance=Uniform(minimum=0, maximum=7000, name='luminosity_distance', latex_label='$D_L$', unit=None, boundary=None)
11:16 INFO    : KNtimeshift=Uniform(minimum=-2.0, maximum=1.0, name='trigger_time', latex_label='$t_0$', unit=None, boundary=None)
11:16 INFO    : supernova_mag_boost=Uniform(minimum=-5.0, maximum=5.0, name='supernova_mag_boost', latex_label='$\\rm{SNmag}$', unit=None, boundary=None)
11:16 INFO    : Ebv=Interped(xx=array([0.    , 0.5724]), yy=array([3.4940601, 0.       ]), minimum=0.0, maximum=0.5724, name='Ebv', latex_label='$E(B-V)$', unit=None, boundary=None)
11:16 INFO    : Analysis likelihood class: <class 'nmma.em.likelihood.OpticalLightCurve'>
11:16 INFO    : Analysis likelihood noise evidence: 0.0
11:16 WARNING : Supplied argument 'queue_size' not an argument of 'Pymultinest', removing.
11:16 WARNING : Supplied argument 'check_point_delta_t' not an argument of 'Pymultinest', removing.
11:16 WARNING : Using cached result
11:16 INFO    : Summary of results:
nsamples: 818
ln_noise_evidence:  0.000
ln_evidence: -15.517 +/-  0.109
ln_bayes_factor: -15.517 +/-  0.109

11:16 INFO    : Writing samples file to /home/tyler/nmma_fitter/outdir/ZTF23aaeiyeq/ZTF23aaeiyeq_posterior_samples.dat
