13:39 INFO    : Running for label 'tomasInjection2', output will be saved to './outdir/tomasInjection2'
13:39 INFO    : Search parameters:
13:39 INFO    :   luminosity_distance = 2060.0
13:39 INFO    :   KNtimeshift = 0.0
13:39 INFO    :   inclination_EM = 0.19
13:39 INFO    :   log10_E0 = 52.79
13:39 INFO    :   thetaCore = 0.24
13:39 INFO    :   thetaWing = 0.76
13:39 INFO    :   log10_n0 = -1.29
13:39 INFO    :   p = 2.4
13:39 INFO    :   log10_epsilon_e = -0.39
13:39 INFO    :   log10_epsilon_B = -4.19
13:39 INFO    :   ksiN = 1.0
13:39 INFO    :   L0 = 0.0
13:39 INFO    :   dL = 3.09e+19
13:39 INFO    :   b = 6.0
13:39 INFO    :   q = 0.0
13:39 INFO    :   ts = 0.0
13:39 INFO    :   Ebv = 0.0
13:39 WARNING : Supplied argument 'npool' not an argument of 'Pymultinest', removing.
13:39 WARNING : Supplied argument 'queue_size' not an argument of 'Pymultinest', removing.
13:39 WARNING : Supplied argument 'check_point_delta_t' not an argument of 'Pymultinest', removing.
13:39 INFO    : Using sampler Pymultinest with kwargs {'importance_nested_sampling': False, 'resume': True, 'verbose': True, 'sampling_efficiency': 'parameter', 'n_live_points': 512, 'n_params': 0, 'n_clustering_params': None, 'wrapped_params': None, 'multimodal': True, 'const_efficiency_mode': False, 'evidence_tolerance': 0.5, 'n_iter_before_update': 100, 'null_log_evidence': -1e+90, 'max_modes': 100, 'mode_tolerance': -1e+90, 'seed': 42, 'context': 0, 'write_output': True, 'log_zero': -1e+100, 'max_iter': 0, 'init_MPI': False, 'dump_callback': <bound method Pymultinest._dump_callback of <bilby.core.sampler.pymultinest.Pymultinest object at 0x7f4e6654e0e0>>}
13:39 INFO    : Using temporary file /tmp/tmp4hfthnns
