16:29 INFO    : Running for label 'ZTF20abwysqy_Piro2021_nlive512', output will be saved to './outdir/ZTF20abwysqyNewGRBPrior/ZTF20abwysqy/Piro2021/'
16:29 INFO    : Search parameters:
16:29 INFO    :   luminosity_distance = Uniform(minimum=0.0, maximum=1000.0, name='luminosity_distance', latex_label='$D_L$', unit=None, boundary=None)
16:29 INFO    :   KNtimeshift = Uniform(minimum=-2.0, maximum=0.0, name='trigger_time', latex_label='$t_0$', unit=None, boundary=None)
16:29 INFO    :   log10_Menv = Uniform(minimum=-5.0, maximum=0.0, name='log10_Menv', latex_label='$\\log_{10}M^{\\rm{env}}$', unit=None, boundary=None)
16:29 INFO    :   log10_Renv = Uniform(minimum=10.0, maximum=15, name='log10_Renv', latex_label='$\\log_{10}R^{\\rm{env}}$', unit=None, boundary=None)
16:29 INFO    :   log10_Ee = Uniform(minimum=47.0, maximum=52.0, name='log10_Eext', latex_label='$\\log_{10}E^{\\rm{e}}$', unit=None, boundary=None)
16:29 INFO    :   Ebv = Interped(xx=array([0.    , 0.5724]), yy=array([3.4940601, 0.       ]), minimum=0.0, maximum=0.5724, name='Ebv', latex_label='$E(B-V)$', unit=None, boundary=None)
16:29 WARNING : Supplied argument 'npool' not an argument of 'Pymultinest', removing.
16:29 WARNING : Supplied argument 'queue_size' not an argument of 'Pymultinest', removing.
16:29 WARNING : Supplied argument 'check_point_delta_t' not an argument of 'Pymultinest', removing.
16:29 INFO    : Using sampler Pymultinest with kwargs {'importance_nested_sampling': False, 'resume': True, 'verbose': True, 'sampling_efficiency': 'parameter', 'n_live_points': 512, 'n_params': 6, 'n_clustering_params': None, 'wrapped_params': None, 'multimodal': True, 'const_efficiency_mode': False, 'evidence_tolerance': 0.5, 'n_iter_before_update': 100, 'null_log_evidence': -1e+90, 'max_modes': 100, 'mode_tolerance': -1e+90, 'seed': 42, 'context': 0, 'write_output': True, 'log_zero': -1e+100, 'max_iter': 0, 'init_MPI': False, 'dump_callback': <bound method Pymultinest._dump_callback of <bilby.core.sampler.pymultinest.Pymultinest object at 0x7fc4ee37af20>>}
16:29 INFO    : Using temporary file /tmp/tmp783rwxzb
16:29 INFO    : Overwriting ./outdir/ZTF20abwysqyNewGRBPrior/ZTF20abwysqy/Piro2021//pm_ZTF20abwysqy_Piro2021_nlive512/ with /tmp/tmp783rwxzb/
16:29 INFO    : Overwriting ./outdir/ZTF20abwysqyNewGRBPrior/ZTF20abwysqy/Piro2021//pm_ZTF20abwysqy_Piro2021_nlive512/ with /tmp/tmp783rwxzb/
16:29 INFO    : Overwriting ./outdir/ZTF20abwysqyNewGRBPrior/ZTF20abwysqy/Piro2021//pm_ZTF20abwysqy_Piro2021_nlive512/ with /tmp/tmp783rwxzb/
16:29 INFO    : Overwriting ./outdir/ZTF20abwysqyNewGRBPrior/ZTF20abwysqy/Piro2021//pm_ZTF20abwysqy_Piro2021_nlive512/ with /tmp/tmp783rwxzb/
16:29 INFO    : Sampling time: 0:00:14.997083
16:29 INFO    : Summary of results:
nsamples: 1532
ln_noise_evidence:  0.000
ln_evidence: -2.307 +/-  0.047
ln_bayes_factor: -2.307 +/-  0.047

16:29 INFO    : Writing samples file to /mnt/c/Users/Tyler/Documents/Github/nmma_fitter/outdir/ZTF20abwysqyNewGRBPrior/ZTF20abwysqy/Piro2021/ZTF20abwysqy_Piro2021_nlive512_posterior_samples.dat
