14:57 INFO    : Running for label 'TrPiTomasManual', output will be saved to 'outdir/tomasManual0903'
14:57 INFO    : Search parameters:
14:57 INFO    :   luminosity_distance = Uniform(minimum=0, maximum=7000, name='luminosity_distance', latex_label='$D_L$', unit=None, boundary=None)
14:57 INFO    :   KNtimeshift = Uniform(minimum=-2.0, maximum=1.0, name='trigger_time', latex_label='$t_0$', unit=None, boundary=None)
14:57 INFO    :   inclination_EM = Sine(minimum=0.0, maximum=1.5707963267948966, name='inclination_EM', latex_label='$\\iota$', unit=None, boundary=None)
14:57 INFO    :   log10_E0 = Uniform(minimum=0, maximum=99, name='log10_E0', latex_label='$\\log_{10}E_0$', unit=None, boundary=None)
14:57 INFO    :   thetaCore = Uniform(minimum=0, maximum=1.5707963267948966, name='theta_core', latex_label='$\\theta_c$', unit=None, boundary=None)
14:57 INFO    :   thetaWing = Uniform(minimum=0, maximum=1.5707963267948966, name='theta_wing', latex_label='$\\theta_w$', unit=None, boundary=None)
14:57 INFO    :   log10_n0 = Uniform(minimum=-15.0, maximum=15.0, name='log10_n0', latex_label='$\\log_{10}n_0$', unit=None, boundary=None)
14:57 INFO    :   p = Uniform(minimum=2.0, maximum=10.0, name='p', latex_label='$p$', unit=None, boundary=None)
14:57 INFO    :   log10_epsilon_e = Uniform(minimum=-15, maximum=0.0, name='log10_epsilon_e', latex_label='$\\log_{10}\\epsilon_e$', unit=None, boundary=None)
14:57 INFO    :   log10_epsilon_B = Uniform(minimum=-15, maximum=0.0, name='log10_epsilon_B', latex_label='$\\log_{10}\\epsilon_B$', unit=None, boundary=None)
14:57 INFO    :   Ebv = Interped(xx=array([0.    , 0.5724]), yy=array([3.4940601, 0.       ]), minimum=0.0, maximum=0.5724, name='Ebv', latex_label='$E(B-V)$', unit=None, boundary=None)
14:57 INFO    :   ksiN = 1.0
14:57 INFO    :   L0 = 0.0
14:57 INFO    :   dL = 3.09e+19
14:57 INFO    :   b = 6.0
14:57 INFO    :   q = 0.0
14:57 INFO    :   ts = 0.0
14:57 WARNING : Supplied argument 'npool' not an argument of 'Pymultinest', removing.
14:57 WARNING : Supplied argument 'queue_size' not an argument of 'Pymultinest', removing.
14:57 WARNING : Supplied argument 'check_point_delta_t' not an argument of 'Pymultinest', removing.
14:57 INFO    : Using sampler Pymultinest with kwargs {'importance_nested_sampling': False, 'resume': True, 'verbose': True, 'sampling_efficiency': 'parameter', 'n_live_points': 512, 'n_params': 11, 'n_clustering_params': None, 'wrapped_params': None, 'multimodal': True, 'const_efficiency_mode': False, 'evidence_tolerance': 0.5, 'n_iter_before_update': 100, 'null_log_evidence': -1e+90, 'max_modes': 100, 'mode_tolerance': -1e+90, 'seed': 42, 'context': 0, 'write_output': True, 'log_zero': -1e+100, 'max_iter': 0, 'init_MPI': False, 'dump_callback': <bound method Pymultinest._dump_callback of <bilby.core.sampler.pymultinest.Pymultinest object at 0x7ff1e5852dd0>>}
14:57 INFO    : Using temporary file /tmp/tmpzq27895z
14:59 INFO    : Running for label 'TrPiTomasManual', output will be saved to 'outdir/tomasManual0903'
14:59 INFO    : Search parameters:
14:59 INFO    :   luminosity_distance = Uniform(minimum=0, maximum=7000, name='luminosity_distance', latex_label='$D_L$', unit=None, boundary=None)
14:59 INFO    :   KNtimeshift = Uniform(minimum=-2.0, maximum=1.0, name='trigger_time', latex_label='$t_0$', unit=None, boundary=None)
14:59 INFO    :   inclination_EM = Sine(minimum=0.0, maximum=1.5707963267948966, name='inclination_EM', latex_label='$\\iota$', unit=None, boundary=None)
14:59 INFO    :   log10_E0 = Uniform(minimum=0, maximum=99, name='log10_E0', latex_label='$\\log_{10}E_0$', unit=None, boundary=None)
14:59 INFO    :   thetaCore = Uniform(minimum=0, maximum=1.5707963267948966, name='theta_core', latex_label='$\\theta_c$', unit=None, boundary=None)
14:59 INFO    :   thetaWing = Uniform(minimum=0, maximum=1.5707963267948966, name='theta_wing', latex_label='$\\theta_w$', unit=None, boundary=None)
14:59 INFO    :   log10_n0 = Uniform(minimum=-15.0, maximum=15.0, name='log10_n0', latex_label='$\\log_{10}n_0$', unit=None, boundary=None)
14:59 INFO    :   p = Uniform(minimum=2.0, maximum=10.0, name='p', latex_label='$p$', unit=None, boundary=None)
14:59 INFO    :   log10_epsilon_e = Uniform(minimum=-15, maximum=0.0, name='log10_epsilon_e', latex_label='$\\log_{10}\\epsilon_e$', unit=None, boundary=None)
14:59 INFO    :   log10_epsilon_B = Uniform(minimum=-15, maximum=0.0, name='log10_epsilon_B', latex_label='$\\log_{10}\\epsilon_B$', unit=None, boundary=None)
14:59 INFO    :   Ebv = Interped(xx=array([0.    , 0.5724]), yy=array([3.4940601, 0.       ]), minimum=0.0, maximum=0.5724, name='Ebv', latex_label='$E(B-V)$', unit=None, boundary=None)
14:59 INFO    :   ksiN = 1.0
14:59 INFO    :   L0 = 0.0
14:59 INFO    :   dL = 3.09e+19
14:59 INFO    :   b = 6.0
14:59 INFO    :   q = 0.0
14:59 INFO    :   ts = 0.0
14:59 WARNING : Supplied argument 'npool' not an argument of 'Pymultinest', removing.
14:59 WARNING : Supplied argument 'queue_size' not an argument of 'Pymultinest', removing.
14:59 WARNING : Supplied argument 'check_point_delta_t' not an argument of 'Pymultinest', removing.
14:59 INFO    : Using sampler Pymultinest with kwargs {'importance_nested_sampling': False, 'resume': True, 'verbose': True, 'sampling_efficiency': 'parameter', 'n_live_points': 512, 'n_params': 11, 'n_clustering_params': None, 'wrapped_params': None, 'multimodal': True, 'const_efficiency_mode': False, 'evidence_tolerance': 0.5, 'n_iter_before_update': 100, 'null_log_evidence': -1e+90, 'max_modes': 100, 'mode_tolerance': -1e+90, 'seed': 42, 'context': 0, 'write_output': True, 'log_zero': -1e+100, 'max_iter': 0, 'init_MPI': False, 'dump_callback': <bound method Pymultinest._dump_callback of <bilby.core.sampler.pymultinest.Pymultinest object at 0x7ff60f45a8c0>>}
14:59 INFO    : Using temporary file /tmp/tmp3v_vud0q
15:00 INFO    : Running for label 'TrPiTomasManual', output will be saved to 'outdir/tomasManual0903'
15:00 INFO    : Search parameters:
15:00 INFO    :   luminosity_distance = Uniform(minimum=0, maximum=7000, name='luminosity_distance', latex_label='$D_L$', unit=None, boundary=None)
15:00 INFO    :   KNtimeshift = Uniform(minimum=-2.0, maximum=1.0, name='trigger_time', latex_label='$t_0$', unit=None, boundary=None)
15:00 INFO    :   inclination_EM = Sine(minimum=0.0, maximum=1.5707963267948966, name='inclination_EM', latex_label='$\\iota$', unit=None, boundary=None)
15:00 INFO    :   log10_E0 = Uniform(minimum=0, maximum=99, name='log10_E0', latex_label='$\\log_{10}E_0$', unit=None, boundary=None)
15:00 INFO    :   thetaCore = Uniform(minimum=0, maximum=1.5707963267948966, name='theta_core', latex_label='$\\theta_c$', unit=None, boundary=None)
15:00 INFO    :   thetaWing = Uniform(minimum=0, maximum=1.5707963267948966, name='theta_wing', latex_label='$\\theta_w$', unit=None, boundary=None)
15:00 INFO    :   log10_n0 = Uniform(minimum=-15.0, maximum=15.0, name='log10_n0', latex_label='$\\log_{10}n_0$', unit=None, boundary=None)
15:00 INFO    :   p = Uniform(minimum=2.0, maximum=10.0, name='p', latex_label='$p$', unit=None, boundary=None)
15:00 INFO    :   log10_epsilon_e = Uniform(minimum=-15, maximum=0.0, name='log10_epsilon_e', latex_label='$\\log_{10}\\epsilon_e$', unit=None, boundary=None)
15:00 INFO    :   log10_epsilon_B = Uniform(minimum=-15, maximum=0.0, name='log10_epsilon_B', latex_label='$\\log_{10}\\epsilon_B$', unit=None, boundary=None)
15:00 INFO    :   Ebv = Interped(xx=array([0.    , 0.5724]), yy=array([3.4940601, 0.       ]), minimum=0.0, maximum=0.5724, name='Ebv', latex_label='$E(B-V)$', unit=None, boundary=None)
15:00 INFO    :   ksiN = 1.0
15:00 INFO    :   L0 = 0.0
15:00 INFO    :   dL = 3.09e+19
15:00 INFO    :   b = 6.0
15:00 INFO    :   q = 0.0
15:00 INFO    :   ts = 0.0
15:00 WARNING : Supplied argument 'npool' not an argument of 'Pymultinest', removing.
15:00 WARNING : Supplied argument 'queue_size' not an argument of 'Pymultinest', removing.
15:00 WARNING : Supplied argument 'check_point_delta_t' not an argument of 'Pymultinest', removing.
15:00 INFO    : Using sampler Pymultinest with kwargs {'importance_nested_sampling': False, 'resume': True, 'verbose': True, 'sampling_efficiency': 'parameter', 'n_live_points': 512, 'n_params': 11, 'n_clustering_params': None, 'wrapped_params': None, 'multimodal': True, 'const_efficiency_mode': False, 'evidence_tolerance': 0.5, 'n_iter_before_update': 100, 'null_log_evidence': -1e+90, 'max_modes': 100, 'mode_tolerance': -1e+90, 'seed': 42, 'context': 0, 'write_output': True, 'log_zero': -1e+100, 'max_iter': 0, 'init_MPI': False, 'dump_callback': <bound method Pymultinest._dump_callback of <bilby.core.sampler.pymultinest.Pymultinest object at 0x7fd61b782710>>}
15:00 INFO    : Using temporary file /tmp/tmpgj9q5ugl
