16:29 INFO    : Running for label 'ZTF20abwysqy_Bu2019lm_nlive512', output will be saved to './outdir/ZTF20abwysqyNewGRBPrior/ZTF20abwysqy/Bu2019lm/'
16:29 INFO    : Search parameters:
16:29 INFO    :   luminosity_distance = Uniform(minimum=0.0, maximum=200.0, name='luminosity_distance', latex_label='$D_L$', unit=None, boundary=None)
16:29 INFO    :   KNphi = Uniform(minimum=15.0, maximum=75.0, name='KNphi', latex_label='$\\Phi$', unit=None, boundary=None)
16:29 INFO    :   inclination_EM = Sine(minimum=0.0, maximum=1.5707963267948966, name='inclination_EM', latex_label='$\\iota$', unit=None, boundary=None)
16:29 INFO    :   KNtimeshift = Uniform(minimum=-2.0, maximum=1.0, name='trigger_time', latex_label='$t_0$', unit=None, boundary=None)
16:29 INFO    :   log10_mej_dyn = Uniform(minimum=-3.0, maximum=-1.0, name='log10_mej_dyn', latex_label='$\\log_{10}M^{\\rm{dyn}}_{\\rm{ej}}$', unit=None, boundary=None)
16:29 INFO    :   log10_mej_wind = Uniform(minimum=-3.0, maximum=-0.5, name='log10_mej_wind', latex_label='$\\log_{10}M^{\\rm{wind}}_{\\rm{ej}}$', unit=None, boundary=None)
16:29 INFO    :   Ebv = Interped(xx=array([0.    , 0.5724]), yy=array([3.4940601, 0.       ]), minimum=0.0, maximum=0.5724, name='Ebv', latex_label='$E(B-V)$', unit=None, boundary=None)
16:29 WARNING : Supplied argument 'npool' not an argument of 'Pymultinest', removing.
16:29 WARNING : Supplied argument 'queue_size' not an argument of 'Pymultinest', removing.
16:29 WARNING : Supplied argument 'check_point_delta_t' not an argument of 'Pymultinest', removing.
16:29 INFO    : Using sampler Pymultinest with kwargs {'importance_nested_sampling': False, 'resume': True, 'verbose': True, 'sampling_efficiency': 'parameter', 'n_live_points': 512, 'n_params': 7, 'n_clustering_params': None, 'wrapped_params': None, 'multimodal': True, 'const_efficiency_mode': False, 'evidence_tolerance': 0.5, 'n_iter_before_update': 100, 'null_log_evidence': -1e+90, 'max_modes': 100, 'mode_tolerance': -1e+90, 'seed': 42, 'context': 0, 'write_output': True, 'log_zero': -1e+100, 'max_iter': 0, 'init_MPI': False, 'dump_callback': <bound method Pymultinest._dump_callback of <bilby.core.sampler.pymultinest.Pymultinest object at 0x7f6d3437e890>>}
16:29 INFO    : Using temporary file /tmp/tmpa0u2i56o
16:40 INFO    : Overwriting ./outdir/ZTF20abwysqyNewGRBPrior/ZTF20abwysqy/Bu2019lm//pm_ZTF20abwysqy_Bu2019lm_nlive512/ with /tmp/tmpa0u2i56o/
16:41 INFO    : Overwriting ./outdir/ZTF20abwysqyNewGRBPrior/ZTF20abwysqy/Bu2019lm//pm_ZTF20abwysqy_Bu2019lm_nlive512/ with /tmp/tmpa0u2i56o/
16:41 INFO    : Overwriting ./outdir/ZTF20abwysqyNewGRBPrior/ZTF20abwysqy/Bu2019lm//pm_ZTF20abwysqy_Bu2019lm_nlive512/ with /tmp/tmpa0u2i56o/
16:41 INFO    : Overwriting ./outdir/ZTF20abwysqyNewGRBPrior/ZTF20abwysqy/Bu2019lm//pm_ZTF20abwysqy_Bu2019lm_nlive512/ with /tmp/tmpa0u2i56o/
16:41 INFO    : Sampling time: 0:11:18.398717
16:41 INFO    : Summary of results:
nsamples: 1317
ln_noise_evidence:  0.000
ln_evidence: -1.553 +/-  0.035
ln_bayes_factor: -1.553 +/-  0.035

16:41 INFO    : Writing samples file to /mnt/c/Users/Tyler/Documents/Github/nmma_fitter/outdir/ZTF20abwysqyNewGRBPrior/ZTF20abwysqy/Bu2019lm/ZTF20abwysqy_Bu2019lm_nlive512_posterior_samples.dat
