chmod: changing permissions of '/home/cough052/shared/ztfrest/': Operation not permitted
chmod: changing permissions of '/home/cough052/shared/ztfrest/.candidates2': Operation not permitted
chmod: changing permissions of '/home/cough052/shared/ztfrest/.candidates2/candidates': Operation not permitted
chmod: changing permissions of '/home/cough052/shared/ztfrest/.candidates2/candidates/logs': Operation not permitted
chmod: changing permissions of '/home/cough052/shared/ztfrest/.candidates2/candidates/logs/daily_candidates.log': Operation not permitted
chmod: changing permissions of '/home/cough052/shared/ztfrest/.candidates2/candidates/partnership': Operation not permitted
chmod: changing permissions of '/home/cough052/shared/ztfrest/.candidates2/candidates/partnership/2459366-2459388': Operation not permitted
chmod: changing permissions of '/home/cough052/shared/ztfrest/.candidates2/candidates/partnership/2459366-2459388/lc_ZTF21abdhqle_forced1_stacked0.csv': Operation not permitted
chmod: changing permissions of '/home/cough052/shared/ztfrest/.candidates2/candidates/partnership/2459366-2459388/lc_ZTF21abfmpwn_forced1_stacked0.csv': Operation not permitted
chmod: changing permissions of '/home/cough052/shared/ztfrest/.candidates2/candidates/partnership/2459366-2459388/lc_ZTF21abhjssj_forced1_stacked0.csv': Operation not permitted
chmod: changing permissions of '/home/cough052/shared/ztfrest/.candidates2/candidates/partnership/2459366-2459388/lc_ZTF21abhqtpi_forced1_stacked0.csv': Operation not permitted
chmod: changing permissions of '/home/cough052/shared/ztfrest/.candidates2/candidates/partnership/2459366-2459388/lc_ZTF21abdpqpq_forced1_stacked0.csv': Operation not permitted
chmod: changing permissions of '/home/cough052/shared/ztfrest/.candidates2/candidates/partnership/2459366-2459388/lc_ZTF21abfegkl_forced1_stacked0.csv': Operation not permitted
chmod: changing permissions of '/home/cough052/shared/ztfrest/.candidates2/candidates/partnership/2459366-2459388/lc_ZTF21abhvfrj_forced1_stacked0.csv': Operation not permitted
chmod: changing permissions of '/home/cough052/shared/ztfrest/.candidates2/candidates/partnership/2459366-2459388/lc_ZTF21abgswcp_forced1_stacked0.csv': Operation not permitted
chmod: changing permissions of '/home/cough052/shared/ztfrest/.candidates2/candidates/partnership/2459366-2459388/lc_ZTF21abgcgyq_forced1_stacked0.csv': Operation not permitted
chmod: changing permissions of '/home/cough052/shared/ztfrest/.candidates2/candidates/partnership/2459366-2459388/lc_ZTF21abgytxd_forced1_stacked0.csv': Operation not permitted
chmod: changing permissions of '/home/cough052/shared/ztfrest/.candidates2/candidates/partnership/2459366-2459388/lc_ZTF21abfktlf_forced1_stacked0.csv': Operation not permitted
chmod: changing permissions of '/home/cough052/shared/ztfrest/.candidates2/candidates/partnership/2459366-2459388/lc_ZTF21abhvued_forced1_stacked0.csv': Operation not permitted
chmod: changing permissions of '/home/cough052/shared/ztfrest/.candidates2/candidates/partnership/2459366-2459388/lc_ZTF21abdequz_forced1_stacked0.csv': Operation not permitted
chmod: changing permissions of '/home/cough052/shared/ztfrest/.candidates2/candidates/partnership/2459385-2459388': Operation not permitted
chmod: changing permissions of '/home/cough052/shared/ztfrest/.candidates2/candidates/partnership/2459385-2459388/lc_ZTF21abhjssj_forced1_stacked0.csv': Operation not permitted
chmod: changing permissions of '/home/cough052/shared/ztfrest/.candidates2/candidates/partnership/2459385-2459388/lc_ZTF21abhqtpi_forced1_stacked0.csv': Operation not permitted
chmod: changing permissions of '/home/cough052/shared/ztfrest/.candidates2/candidates/partnership/2459385-2459388/lc_ZTF21abhvfrj_forced1_stacked0.csv': Operation not permitted
chmod: changing permissions of '/home/cough052/shared/ztfrest/.candidates2/candidates/partnership/2459385-2459388/lc_ZTF21abhvued_forced1_stacked0.csv': Operation not permitted
chmod: changing permissions of '/home/cough052/shared/ztfrest/.candidates2/candidates/partnership/2459385-2459389': Operation not permitted
chmod: changing permissions of '/home/cough052/shared/ztfrest/.candidates2/candidates/partnership/2459385-2459389/lc_ZTF21abhjssj_forced1_stacked0.csv': Operation not permitted
chmod: changing permissions of '/home/cough052/shared/ztfrest/.candidates2/candidates/partnership/2459385-2459389/lc_ZTF21abhvfrj_forced1_stacked0.csv': Operation not permitted
chmod: changing permissions of '/home/cough052/shared/ztfrest/.candidates2/candidates/partnership/2459385-2459389/lc_ZTF21abhqtpi_forced1_stacked0.csv': Operation not permitted
chmod: changing permissions of '/home/cough052/shared/ztfrest/.candidates2/candidates/partnership/2459385-2459389/lc_ZTF21abhvued_forced1_stacked0.csv': Operation not permitted
chmod: changing permissions of '/home/cough052/shared/ztfrest/.candidates2/candidates/partnership/2459386-2459389': Operation not permitted
chmod: changing permissions of '/home/cough052/shared/ztfrest/.candidates2/candidates/partnership/2459386-2459389/lc_ZTF21abhjssj_forced1_stacked0.csv': Operation not permitted
chmod: changing permissions of '/home/cough052/shared/ztfrest/.candidates2/candidates/partnership/2459386-2459389/lc_ZTF21abhvfrj_forced1_stacked0.csv': Operation not permitted
chmod: changing permissions of '/home/cough052/shared/ztfrest/.candidates2/candidates/partnership/2459386-2459389/lc_ZTF21abhqtpi_forced1_stacked0.csv': Operation not permitted
chmod: changing permissions of '/home/cough052/shared/ztfrest/.candidates2/candidates/partnership/2459386-2459389/lc_ZTF21abhvued_forced1_stacked0.csv': Operation not permitted
chmod: changing permissions of '/home/cough052/shared/ztfrest/.candidates2/candidates/partnership/2459387-2459390': Operation not permitted
chmod: changing permissions of '/home/cough052/shared/ztfrest/.candidates2/candidates/partnership/2459388-2459391': Operation not permitted
chmod: changing permissions of '/home/cough052/shared/ztfrest/.candidates2/candidates/partnership/2459388-2459391/lc_ZTF21abhywxv_forced1_stacked0.csv': Operation not permitted
chmod: changing permissions of '/home/cough052/shared/ztfrest/.candidates2/candidates/partnership/2459389-2459392': Operation not permitted
chmod: changing permissions of '/home/cough052/shared/ztfrest/.candidates2/candidates/partnership/2459389-2459392/lc_ZTF21abidauk_forced1_stacked0.csv': Operation not permitted
chmod: changing permissions of '/home/cough052/shared/ztfrest/.candidates2/candidates/partnership/2459389-2459392/lc_ZTF21abhjssj_forced1_stacked0.csv': Operation not permitted
chmod: changing permissions of '/home/cough052/shared/ztfrest/.candidates2/candidates/partnership/2459389-2459392/lc_ZTF21abhytgb_forced1_stacked0.csv': Operation not permitted
chmod: changing permissions of '/home/cough052/shared/ztfrest/.candidates2/candidates/partnership/2459389-2459392/lc_ZTF21abidhus_forced1_stacked0.csv': Operation not permitted
chmod: changing permissions of '/home/cough052/shared/ztfrest/.candidates2/candidates/partnership/2459389-2459392/lc_ZTF21abhywxv_forced1_stacked0.csv': Operation not permitted
chmod: changing permissions of '/home/cough052/shared/ztfrest/.candidates2/candidates/partnership/2459390-2459393': Operation not permitted
chmod: changing permissions of '/home/cough052/shared/ztfrest/.candidates2/candidates/partnership/2459390-2459393/lc_ZTF21abieoea_forced1_stacked0.csv': Operation not permitted
chmod: changing permissions of '/home/cough052/shared/ztfrest/.candidates2/candidates/partnership/2459390-2459393/lc_ZTF21abhywxv_forced1_stacked0.csv': Operation not permitted
chmod: changing permissions of '/home/cough052/shared/ztfrest/.candidates2/candidates/partnership/2459390-2459393/lc_ZTF21abiblog_forced1_stacked0.csv': Operation not permitted
chmod: changing permissions of '/home/cough052/shared/ztfrest/.candidates2/candidates/partnership/2459390-2459393/lc_ZTF21abidauk_forced1_stacked0.csv': Operation not permitted
chmod: changing permissions of '/home/cough052/shared/ztfrest/.candidates2/candidates/partnership/2459390-2459393/lc_ZTF21abhjssj_forced1_stacked0.csv': Operation not permitted
chmod: changing permissions of '/home/cough052/shared/ztfrest/.candidates2/candidates/partnership/2459390-2459393/lc_ZTF21abhytgb_forced1_stacked0.csv': Operation not permitted
chmod: changing permissions of '/home/cough052/shared/ztfrest/.candidates2/candidates/partnership/2459390-2459393/lc_ZTF21abidoss_forced1_stacked0.csv': Operation not permitted
chmod: changing permissions of '/home/cough052/shared/ztfrest/.candidates2/candidates/partnership/2459391-2459394': Operation not permitted
chmod: changing permissions of '/home/cough052/shared/ztfrest/.candidates2/candidates/partnership/2459391-2459394/lc_ZTF21abidoss_forced1_stacked0.csv': Operation not permitted
chmod: changing permissions of '/home/cough052/shared/ztfrest/.candidates2/candidates/partnership/2459391-2459394/lc_ZTF21abieoea_forced1_stacked0.csv': Operation not permitted
chmod: changing permissions of '/home/cough052/shared/ztfrest/.candidates2/candidates/partnership/2459391-2459394/lc_ZTF21abhjssj_forced1_stacked0.csv': Operation not permitted
chmod: changing permissions of '/home/cough052/shared/ztfrest/.candidates2/candidates/partnership/2459391-2459394/lc_ZTF21abiblog_forced1_stacked0.csv': Operation not permitted
chmod: changing permissions of '/home/cough052/shared/ztfrest/.candidates2/candidates/partnership/2459391-2459394/lc_ZTF21abidauk_forced1_stacked0.csv': Operation not permitted
chmod: changing permissions of '/home/cough052/shared/ztfrest/.candidates2/candidates/partnership/2459392-2459395': Operation not permitted
chmod: changing permissions of '/home/cough052/shared/ztfrest/.candidates2/candidates/partnership/2459392-2459395/lc_ZTF21abieoea_forced1_stacked0.csv': Operation not permitted
chmod: changing permissions of '/home/cough052/shared/ztfrest/.candidates2/candidates/partnership/2459392-2459395/lc_ZTF21abidauk_forced1_stacked0.csv': Operation not permitted
chmod: changing permissions of '/home/cough052/shared/ztfrest/.candidates2/candidates/partnership/2459392-2459395/lc_ZTF21abidoss_forced1_stacked0.csv': Operation not permitted
chmod: changing permissions of '/home/cough052/shared/ztfrest/.candidates2/candidates/partnership/2459393-2459396': Operation not permitted
chmod: changing permissions of '/home/cough052/shared/ztfrest/.candidates2/candidates/partnership/2459393-2459396/lc_ZTF21abieolc_forced1_stacked0.csv': Operation not permitted
chmod: changing permissions of '/home/cough052/shared/ztfrest/.candidates2/candidates/partnership/2459393-2459396/lc_ZTF21abieoea_forced1_stacked0.csv': Operation not permitted
chmod: changing permissions of '/home/cough052/shared/ztfrest/.candidates2/candidates/partnership/2459393-2459396/lc_ZTF21abinaiu_forced1_stacked0.csv': Operation not permitted
chmod: changing permissions of '/home/cough052/shared/ztfrest/.candidates2/candidates/partnership/2459393-2459400': Operation not permitted
chmod: changing permissions of '/home/cough052/shared/ztfrest/.candidates2/candidates/partnership/2459393-2459400/lc_ZTF21abieolc_forced1_stacked0.csv': Operation not permitted
chmod: changing permissions of '/home/cough052/shared/ztfrest/.candidates2/candidates/partnership/2459393-2459400/lc_ZTF21abjpkvy_forced1_stacked0.csv': Operation not permitted
chmod: changing permissions of '/home/cough052/shared/ztfrest/.candidates2/candidates/partnership/2459393-2459400/lc_ZTF21abinaiu_forced1_stacked0.csv': Operation not permitted
chmod: changing permissions of '/home/cough052/shared/ztfrest/.candidates2/candidates/partnership/2459393-2459400/lc_ZTF21abisoui_forced1_stacked0.csv': Operation not permitted
chmod: changing permissions of '/home/cough052/shared/ztfrest/.candidates2/candidates/partnership/2459393-2459400/lc_ZTF21abitmou_forced1_stacked0.csv': Operation not permitted
chmod: changing permissions of '/home/cough052/shared/ztfrest/.candidates2/candidates/partnership/2459394-2459397': Operation not permitted
chmod: changing permissions of '/home/cough052/shared/ztfrest/.candidates2/candidates/partnership/2459394-2459397/lc_ZTF21abinaiu_forced1_stacked0.csv': Operation not permitted
chmod: changing permissions of '/home/cough052/shared/ztfrest/.candidates2/candidates/partnership/2459394-2459401': Operation not permitted
chmod: changing permissions of '/home/cough052/shared/ztfrest/.candidates2/candidates/partnership/2459394-2459401/lc_ZTF21abjrmes_forced1_stacked0.csv': Operation not permitted
chmod: changing permissions of '/home/cough052/shared/ztfrest/.candidates2/candidates/partnership/2459394-2459401/lc_ZTF21abitmou_forced1_stacked0.csv': Operation not permitted
chmod: changing permissions of '/home/cough052/shared/ztfrest/.candidates2/candidates/partnership/2459394-2459401/lc_ZTF21abivhns_forced1_stacked0.csv': Operation not permitted
chmod: changing permissions of '/home/cough052/shared/ztfrest/.candidates2/candidates/partnership/2459394-2459401/lc_ZTF21abjpkvy_forced1_stacked0.csv': Operation not permitted
chmod: changing permissions of '/home/cough052/shared/ztfrest/.candidates2/candidates/partnership/2459394-2459401/lc_ZTF21abjtdua_forced1_stacked0.csv': Operation not permitted
chmod: changing permissions of '/home/cough052/shared/ztfrest/.candidates2/candidates/partnership/2459394-2459401/lc_ZTF21abjvfbc_forced1_stacked0.csv': Operation not permitted
chmod: changing permissions of '/home/cough052/shared/ztfrest/.candidates2/candidates/partnership/2459394-2459401/lc_ZTF21abinaiu_forced1_stacked0.csv': Operation not permitted
chmod: changing permissions of '/home/cough052/shared/ztfrest/.candidates2/candidates/partnership/2459394-2459401/lc_ZTF21abisoui_forced1_stacked0.csv': Operation not permitted
chmod: changing permissions of '/home/cough052/shared/ztfrest/.candidates2/candidates/partnership/2459394-2459401/lc_ZTF21abjrhzz_forced1_stacked0.csv': Operation not permitted
chmod: changing permissions of '/home/cough052/shared/ztfrest/.candidates2/candidates/partnership/2459395-2459398': Operation not permitted
chmod: changing permissions of '/home/cough052/shared/ztfrest/.candidates2/candidates/partnership/2459395-2459398/lc_ZTF21abinaiu_forced1_stacked0.csv': Operation not permitted
chmod: changing permissions of '/home/cough052/shared/ztfrest/.candidates2/candidates/partnership/2459396-2459399': Operation not permitted
chmod: changing permissions of '/home/cough052/shared/ztfrest/.candidates2/candidates/partnership/2459396-2459399/lc_ZTF21abisoui_forced1_stacked0.csv': Operation not permitted
chmod: changing permissions of '/home/cough052/shared/ztfrest/.candidates2/candidates/partnership/2459396-2459399/lc_ZTF21abitmou_forced1_stacked0.csv': Operation not permitted
chmod: changing permissions of '/home/cough052/shared/ztfrest/.candidates2/candidates/partnership/2459397-2459400': Operation not permitted
chmod: changing permissions of '/home/cough052/shared/ztfrest/.candidates2/candidates/partnership/2459397-2459400/lc_ZTF21abjpkvy_forced1_stacked0.csv': Operation not permitted
chmod: changing permissions of '/home/cough052/shared/ztfrest/.candidates2/candidates/partnership/2459397-2459400/lc_ZTF21abisoui_forced1_stacked0.csv': Operation not permitted
chmod: changing permissions of '/home/cough052/shared/ztfrest/.candidates2/candidates/partnership/2459397-2459400/lc_ZTF21abitmou_forced1_stacked0.csv': Operation not permitted
chmod: changing permissions of '/home/cough052/shared/ztfrest/.knfit/ZTF21abinaiu': Operation not permitted
chmod: changing permissions of '/home/cough052/shared/ztfrest/.knfit/ZTF21abinaiu/pm_Bu2019lm': Operation not permitted
chmod: changing permissions of '/home/cough052/shared/ztfrest/.knfit/ZTF21abinaiu/pm_Bu2019lm/live.points': Operation not permitted
chmod: changing permissions of '/home/cough052/shared/ztfrest/.knfit/ZTF21abinaiu/pm_Bu2019lm/resume.dat': Operation not permitted
chmod: changing permissions of '/home/cough052/shared/ztfrest/.knfit/ZTF21abinaiu/pm_Bu2019lm/.txt': Operation not permitted
chmod: changing permissions of '/home/cough052/shared/ztfrest/.knfit/ZTF21abinaiu/pm_Bu2019lm/post_equal_weights.dat': Operation not permitted
chmod: changing permissions of '/home/cough052/shared/ztfrest/.knfit/ZTF21abinaiu/pm_Bu2019lm/phys_live.points': Operation not permitted
chmod: changing permissions of '/home/cough052/shared/ztfrest/.knfit/ZTF21abinaiu/pm_Bu2019lm/stats.dat': Operation not permitted
chmod: changing permissions of '/home/cough052/shared/ztfrest/.knfit/ZTF21abinaiu/pm_Bu2019lm/sampling_time.dat': Operation not permitted
chmod: changing permissions of '/home/cough052/shared/ztfrest/.knfit/ZTF21abinaiu/pm_Bu2019lm/summary.txt': Operation not permitted
chmod: changing permissions of '/home/cough052/shared/ztfrest/.knfit/ZTF21abinaiu/pm_Bu2019lm/post_separate.dat': Operation not permitted
chmod: changing permissions of '/home/cough052/shared/ztfrest/.knfit/ZTF21abinaiu/pm_Bu2019lm/ev.dat': Operation not permitted
chmod: changing permissions of '/home/cough052/shared/ztfrest/.knfit/ZTF21abinaiu/Bu2019lm_result.json': Operation not permitted
chmod: changing permissions of '/home/cough052/shared/ztfrest/.knfit/ZTF21abinaiu/Bu2019lm_corner.png': Operation not permitted
chmod: changing permissions of '/home/cough052/shared/ztfrest/.knfit/ZTF21abinaiu/Bu2019lm_lightcurves.png': Operation not permitted
chmod: changing permissions of '/home/cough052/shared/ztfrest/.knfit/ZTF21abinaiu/Bu2019lm_result.json.old': Operation not permitted
chmod: changing permissions of '/home/cough052/shared/ztfrest/.knfit/ZTF21abinaiu/Bu2019lm_posterior_samples.dat': Operation not permitted
chmod: changing permissions of '/home/cough052/shared/ztfrest/.knfit/ZTF21abinaiu/Bu2019lm.log': Operation not permitted
chmod: changing permissions of '/home/cough052/shared/ztfrest/.knfit/ZTF21abivhns': Operation not permitted
chmod: changing permissions of '/home/cough052/shared/ztfrest/.knfit/ZTF21abivhns/pm_Bu2019lm': Operation not permitted
chmod: changing permissions of '/home/cough052/shared/ztfrest/.knfit/ZTF21abivhns/pm_Bu2019lm/post_separate.dat': Operation not permitted
chmod: changing permissions of '/home/cough052/shared/ztfrest/.knfit/ZTF21abivhns/pm_Bu2019lm/ev.dat': Operation not permitted
chmod: changing permissions of '/home/cough052/shared/ztfrest/.knfit/ZTF21abivhns/pm_Bu2019lm/summary.txt': Operation not permitted
chmod: changing permissions of '/home/cough052/shared/ztfrest/.knfit/ZTF21abivhns/pm_Bu2019lm/sampling_time.dat': Operation not permitted
chmod: changing permissions of '/home/cough052/shared/ztfrest/.knfit/ZTF21abivhns/pm_Bu2019lm/phys_live.points': Operation not permitted
chmod: changing permissions of '/home/cough052/shared/ztfrest/.knfit/ZTF21abivhns/pm_Bu2019lm/resume.dat': Operation not permitted
chmod: changing permissions of '/home/cough052/shared/ztfrest/.knfit/ZTF21abivhns/pm_Bu2019lm/live.points': Operation not permitted
chmod: changing permissions of '/home/cough052/shared/ztfrest/.knfit/ZTF21abivhns/pm_Bu2019lm/post_equal_weights.dat': Operation not permitted
chmod: changing permissions of '/home/cough052/shared/ztfrest/.knfit/ZTF21abivhns/pm_Bu2019lm/.txt': Operation not permitted
chmod: changing permissions of '/home/cough052/shared/ztfrest/.knfit/ZTF21abivhns/pm_Bu2019lm/stats.dat': Operation not permitted
chmod: changing permissions of '/home/cough052/shared/ztfrest/.knfit/ZTF21abivhns/Bu2019lm_posterior_samples.dat': Operation not permitted
chmod: changing permissions of '/home/cough052/shared/ztfrest/.knfit/ZTF21abivhns/Bu2019lm.log': Operation not permitted
chmod: changing permissions of '/home/cough052/shared/ztfrest/.knfit/ZTF21abivhns/Bu2019lm_corner.png': Operation not permitted
chmod: changing permissions of '/home/cough052/shared/ztfrest/.knfit/ZTF21abivhns/Bu2019lm_lightcurves.png': Operation not permitted
chmod: changing permissions of '/home/cough052/shared/ztfrest/.knfit/ZTF21abjpkvy/Bu2019lm_lightcurves.png': Operation not permitted
chmod: changing permissions of '/home/cough052/shared/ztfrest/.knfit/ZTF21abjpkvy/Bu2019lm_result.json.old': Operation not permitted
chmod: changing permissions of '/home/cough052/shared/ztfrest/.knfit/ZTF21abjrhzz': Operation not permitted
chmod: changing permissions of '/home/cough052/shared/ztfrest/.knfit/ZTF21abjrhzz/pm_Bu2019lm': Operation not permitted
chmod: changing permissions of '/home/cough052/shared/ztfrest/.knfit/ZTF21abjrhzz/pm_Bu2019lm/phys_live.points': Operation not permitted
chmod: changing permissions of '/home/cough052/shared/ztfrest/.knfit/ZTF21abjrhzz/pm_Bu2019lm/sampling_time.dat': Operation not permitted
chmod: changing permissions of '/home/cough052/shared/ztfrest/.knfit/ZTF21abjrhzz/pm_Bu2019lm/stats.dat': Operation not permitted
chmod: changing permissions of '/home/cough052/shared/ztfrest/.knfit/ZTF21abjrhzz/pm_Bu2019lm/ev.dat': Operation not permitted
chmod: changing permissions of '/home/cough052/shared/ztfrest/.knfit/ZTF21abjrhzz/pm_Bu2019lm/.txt': Operation not permitted
chmod: changing permissions of '/home/cough052/shared/ztfrest/.knfit/ZTF21abjrhzz/pm_Bu2019lm/summary.txt': Operation not permitted
chmod: changing permissions of '/home/cough052/shared/ztfrest/.knfit/ZTF21abjrhzz/pm_Bu2019lm/post_separate.dat': Operation not permitted
chmod: changing permissions of '/home/cough052/shared/ztfrest/.knfit/ZTF21abjrhzz/pm_Bu2019lm/post_equal_weights.dat': Operation not permitted
chmod: changing permissions of '/home/cough052/shared/ztfrest/.knfit/ZTF21abjrhzz/pm_Bu2019lm/resume.dat': Operation not permitted
chmod: changing permissions of '/home/cough052/shared/ztfrest/.knfit/ZTF21abjrhzz/pm_Bu2019lm/live.points': Operation not permitted
chmod: changing permissions of '/home/cough052/shared/ztfrest/.knfit/ZTF21abjrhzz/Bu2019lm_posterior_samples.dat': Operation not permitted
chmod: changing permissions of '/home/cough052/shared/ztfrest/.knfit/ZTF21abjrhzz/Bu2019lm.log': Operation not permitted
chmod: changing permissions of '/home/cough052/shared/ztfrest/.knfit/ZTF21abjrhzz/Bu2019lm_lightcurves.png': Operation not permitted
chmod: changing permissions of '/home/cough052/shared/ztfrest/.knfit/ZTF21abjrhzz/Bu2019lm_corner.png': Operation not permitted
chmod: changing permissions of '/home/cough052/shared/ztfrest/.knfit/ZTF21abjrmes': Operation not permitted
chmod: changing permissions of '/home/cough052/shared/ztfrest/.knfit/ZTF21abjrmes/pm_Bu2019lm': Operation not permitted
chmod: changing permissions of '/home/cough052/shared/ztfrest/.knfit/ZTF21abjrmes/pm_Bu2019lm/live.points': Operation not permitted
chmod: changing permissions of '/home/cough052/shared/ztfrest/.knfit/ZTF21abjrmes/pm_Bu2019lm/resume.dat': Operation not permitted
chmod: changing permissions of '/home/cough052/shared/ztfrest/.knfit/ZTF21abjrmes/pm_Bu2019lm/post_equal_weights.dat': Operation not permitted
chmod: changing permissions of '/home/cough052/shared/ztfrest/.knfit/ZTF21abjrmes/pm_Bu2019lm/stats.dat': Operation not permitted
chmod: changing permissions of '/home/cough052/shared/ztfrest/.knfit/ZTF21abjrmes/pm_Bu2019lm/sampling_time.dat': Operation not permitted
chmod: changing permissions of '/home/cough052/shared/ztfrest/.knfit/ZTF21abjrmes/pm_Bu2019lm/.txt': Operation not permitted
chmod: changing permissions of '/home/cough052/shared/ztfrest/.knfit/ZTF21abjrmes/pm_Bu2019lm/phys_live.points': Operation not permitted
chmod: changing permissions of '/home/cough052/shared/ztfrest/.knfit/ZTF21abjrmes/pm_Bu2019lm/summary.txt': Operation not permitted
chmod: changing permissions of '/home/cough052/shared/ztfrest/.knfit/ZTF21abjrmes/pm_Bu2019lm/ev.dat': Operation not permitted
chmod: changing permissions of '/home/cough052/shared/ztfrest/.knfit/ZTF21abjrmes/pm_Bu2019lm/post_separate.dat': Operation not permitted
chmod: changing permissions of '/home/cough052/shared/ztfrest/.knfit/ZTF21abjrmes/Bu2019lm_corner.png': Operation not permitted
chmod: changing permissions of '/home/cough052/shared/ztfrest/.knfit/ZTF21abjrmes/Bu2019lm_lightcurves.png': Operation not permitted
chmod: changing permissions of '/home/cough052/shared/ztfrest/.knfit/ZTF21abjrmes/Bu2019lm_posterior_samples.dat': Operation not permitted
chmod: changing permissions of '/home/cough052/shared/ztfrest/.knfit/ZTF21abjrmes/Bu2019lm.log': Operation not permitted
chmod: changing permissions of '/home/cough052/shared/ztfrest/.knfit/ZTF21abjtdua': Operation not permitted
chmod: changing permissions of '/home/cough052/shared/ztfrest/.knfit/ZTF21abjtdua/pm_Bu2019lm': Operation not permitted
chmod: changing permissions of '/home/cough052/shared/ztfrest/.knfit/ZTF21abjtdua/pm_Bu2019lm/phys_live.points': Operation not permitted
chmod: changing permissions of '/home/cough052/shared/ztfrest/.knfit/ZTF21abjtdua/pm_Bu2019lm/sampling_time.dat': Operation not permitted
chmod: changing permissions of '/home/cough052/shared/ztfrest/.knfit/ZTF21abjtdua/pm_Bu2019lm/.txt': Operation not permitted
chmod: changing permissions of '/home/cough052/shared/ztfrest/.knfit/ZTF21abjtdua/pm_Bu2019lm/ev.dat': Operation not permitted
chmod: changing permissions of '/home/cough052/shared/ztfrest/.knfit/ZTF21abjtdua/pm_Bu2019lm/summary.txt': Operation not permitted
chmod: changing permissions of '/home/cough052/shared/ztfrest/.knfit/ZTF21abjtdua/pm_Bu2019lm/stats.dat': Operation not permitted
chmod: changing permissions of '/home/cough052/shared/ztfrest/.knfit/ZTF21abjtdua/pm_Bu2019lm/post_equal_weights.dat': Operation not permitted
chmod: changing permissions of '/home/cough052/shared/ztfrest/.knfit/ZTF21abjtdua/pm_Bu2019lm/post_separate.dat': Operation not permitted
chmod: changing permissions of '/home/cough052/shared/ztfrest/.knfit/ZTF21abjtdua/pm_Bu2019lm/resume.dat': Operation not permitted
chmod: changing permissions of '/home/cough052/shared/ztfrest/.knfit/ZTF21abjtdua/pm_Bu2019lm/live.points': Operation not permitted
chmod: changing permissions of '/home/cough052/shared/ztfrest/.knfit/ZTF21abjtdua/Bu2019lm.log': Operation not permitted
chmod: changing permissions of '/home/cough052/shared/ztfrest/.knfit/ZTF21abjtdua/Bu2019lm_result.json': Operation not permitted
chmod: changing permissions of '/home/cough052/shared/ztfrest/.knfit/ZTF21abjtdua/Bu2019lm_lightcurves.png': Operation not permitted
chmod: changing permissions of '/home/cough052/shared/ztfrest/.knfit/ZTF21abjtdua/Bu2019lm_corner.png': Operation not permitted
chmod: changing permissions of '/home/cough052/shared/ztfrest/.knfit/ZTF21abjtdua/Bu2019lm_posterior_samples.dat': Operation not permitted
chmod: changing permissions of '/home/cough052/shared/ztfrest/.knfit/ZTF21abjvfbc': Operation not permitted
chmod: changing permissions of '/home/cough052/shared/ztfrest/.knfit/ZTF21abjvfbc/pm_Bu2019lm': Operation not permitted
chmod: changing permissions of '/home/cough052/shared/ztfrest/.knfit/ZTF21abjvfbc/pm_Bu2019lm/.txt': Operation not permitted
chmod: changing permissions of '/home/cough052/shared/ztfrest/.knfit/ZTF21abjvfbc/pm_Bu2019lm/post_equal_weights.dat': Operation not permitted
chmod: changing permissions of '/home/cough052/shared/ztfrest/.knfit/ZTF21abjvfbc/pm_Bu2019lm/stats.dat': Operation not permitted
chmod: changing permissions of '/home/cough052/shared/ztfrest/.knfit/ZTF21abjvfbc/pm_Bu2019lm/summary.txt': Operation not permitted
chmod: changing permissions of '/home/cough052/shared/ztfrest/.knfit/ZTF21abjvfbc/pm_Bu2019lm/live.points': Operation not permitted
chmod: changing permissions of '/home/cough052/shared/ztfrest/.knfit/ZTF21abjvfbc/pm_Bu2019lm/ev.dat': Operation not permitted
chmod: changing permissions of '/home/cough052/shared/ztfrest/.knfit/ZTF21abjvfbc/pm_Bu2019lm/resume.dat': Operation not permitted
chmod: changing permissions of '/home/cough052/shared/ztfrest/.knfit/ZTF21abjvfbc/pm_Bu2019lm/post_separate.dat': Operation not permitted
chmod: changing permissions of '/home/cough052/shared/ztfrest/.knfit/ZTF21abjvfbc/pm_Bu2019lm/sampling_time.dat': Operation not permitted
chmod: changing permissions of '/home/cough052/shared/ztfrest/.knfit/ZTF21abjvfbc/pm_Bu2019lm/phys_live.points': Operation not permitted
chmod: changing permissions of '/home/cough052/shared/ztfrest/.knfit/ZTF21abjvfbc/Bu2019lm_corner.png': Operation not permitted
chmod: changing permissions of '/home/cough052/shared/ztfrest/.knfit/ZTF21abjvfbc/Bu2019lm_posterior_samples.dat': Operation not permitted
chmod: changing permissions of '/home/cough052/shared/ztfrest/.knfit/ZTF21abjvfbc/Bu2019lm_lightcurves.png': Operation not permitted
chmod: changing permissions of '/home/cough052/shared/ztfrest/.knfit/ZTF21abjvfbc/Bu2019lm.log': Operation not permitted
chmod: changing permissions of '/home/cough052/shared/ztfrest/.knfit/ZTF21abjvfbc/Bu2019lm_result.json': Operation not permitted
chmod: changing permissions of '/home/cough052/shared/ztfrest/candidate_fits/2459403-2459410': Operation not permitted
chmod: changing permissions of '/home/cough052/shared/ztfrest/candidates': Operation not permitted
chmod: changing permissions of '/home/cough052/shared/ztfrest/candidates/logs': Operation not permitted
chmod: changing permissions of '/home/cough052/shared/ztfrest/candidates/logs/daily_candidates.log': Operation not permitted
chmod: changing permissions of '/home/cough052/shared/ztfrest/candidates/partnership': Operation not permitted
chmod: changing permissions of '/home/cough052/shared/ztfrest/candidates/partnership/2459366-2459388': Operation not permitted
chmod: changing permissions of '/home/cough052/shared/ztfrest/candidates/partnership/2459366-2459388/lc_ZTF21abdpqpq_forced1_stacked0.csv': Operation not permitted
chmod: changing permissions of '/home/cough052/shared/ztfrest/candidates/partnership/2459366-2459388/lc_ZTF21abhqtpi_forced1_stacked0.csv': Operation not permitted
chmod: changing permissions of '/home/cough052/shared/ztfrest/candidates/partnership/2459366-2459388/lc_ZTF21abgcgyq_forced1_stacked0.csv': Operation not permitted
chmod: changing permissions of '/home/cough052/shared/ztfrest/candidates/partnership/2459366-2459388/lc_ZTF21abhvfrj_forced1_stacked0.csv': Operation not permitted
chmod: changing permissions of '/home/cough052/shared/ztfrest/candidates/partnership/2459366-2459388/lc_ZTF21abdequz_forced1_stacked0.csv': Operation not permitted
chmod: changing permissions of '/home/cough052/shared/ztfrest/candidates/partnership/2459366-2459388/lc_ZTF21abfktlf_forced1_stacked0.csv': Operation not permitted
chmod: changing permissions of '/home/cough052/shared/ztfrest/candidates/partnership/2459366-2459388/lc_ZTF21abfegkl_forced1_stacked0.csv': Operation not permitted
chmod: changing permissions of '/home/cough052/shared/ztfrest/candidates/partnership/2459366-2459388/lc_ZTF21abhvued_forced1_stacked0.csv': Operation not permitted
chmod: changing permissions of '/home/cough052/shared/ztfrest/candidates/partnership/2459366-2459388/lc_ZTF21abgytxd_forced1_stacked0.csv': Operation not permitted
chmod: changing permissions of '/home/cough052/shared/ztfrest/candidates/partnership/2459366-2459388/lc_ZTF21abgswcp_forced1_stacked0.csv': Operation not permitted
chmod: changing permissions of '/home/cough052/shared/ztfrest/candidates/partnership/2459366-2459388/lc_ZTF21abhjssj_forced1_stacked0.csv': Operation not permitted
chmod: changing permissions of '/home/cough052/shared/ztfrest/candidates/partnership/2459366-2459388/lc_ZTF21abfmpwn_forced1_stacked0.csv': Operation not permitted
chmod: changing permissions of '/home/cough052/shared/ztfrest/candidates/partnership/2459366-2459388/lc_ZTF21abdhqle_forced1_stacked0.csv': Operation not permitted
chmod: changing permissions of '/home/cough052/shared/ztfrest/candidates/partnership/2459385-2459388': Operation not permitted
chmod: changing permissions of '/home/cough052/shared/ztfrest/candidates/partnership/2459385-2459388/lc_ZTF21abhqtpi_forced1_stacked0.csv': Operation not permitted
chmod: changing permissions of '/home/cough052/shared/ztfrest/candidates/partnership/2459385-2459388/lc_ZTF21abhvfrj_forced1_stacked0.csv': Operation not permitted
chmod: changing permissions of '/home/cough052/shared/ztfrest/candidates/partnership/2459385-2459388/lc_ZTF21abhvued_forced1_stacked0.csv': Operation not permitted
chmod: changing permissions of '/home/cough052/shared/ztfrest/candidates/partnership/2459385-2459388/lc_ZTF21abhjssj_forced1_stacked0.csv': Operation not permitted
chmod: changing permissions of '/home/cough052/shared/ztfrest/candidates/partnership/2459385-2459389': Operation not permitted
chmod: changing permissions of '/home/cough052/shared/ztfrest/candidates/partnership/2459385-2459389/lc_ZTF21abhqtpi_forced1_stacked0.csv': Operation not permitted
chmod: changing permissions of '/home/cough052/shared/ztfrest/candidates/partnership/2459385-2459389/lc_ZTF21abhvued_forced1_stacked0.csv': Operation not permitted
chmod: changing permissions of '/home/cough052/shared/ztfrest/candidates/partnership/2459385-2459389/lc_ZTF21abhvfrj_forced1_stacked0.csv': Operation not permitted
chmod: changing permissions of '/home/cough052/shared/ztfrest/candidates/partnership/2459385-2459389/lc_ZTF21abhjssj_forced1_stacked0.csv': Operation not permitted
chmod: changing permissions of '/home/cough052/shared/ztfrest/candidates/partnership/2459386-2459389': Operation not permitted
chmod: changing permissions of '/home/cough052/shared/ztfrest/candidates/partnership/2459386-2459389/lc_ZTF21abhqtpi_forced1_stacked0.csv': Operation not permitted
chmod: changing permissions of '/home/cough052/shared/ztfrest/candidates/partnership/2459386-2459389/lc_ZTF21abhvued_forced1_stacked0.csv': Operation not permitted
chmod: changing permissions of '/home/cough052/shared/ztfrest/candidates/partnership/2459386-2459389/lc_ZTF21abhvfrj_forced1_stacked0.csv': Operation not permitted
chmod: changing permissions of '/home/cough052/shared/ztfrest/candidates/partnership/2459386-2459389/lc_ZTF21abhjssj_forced1_stacked0.csv': Operation not permitted
chmod: changing permissions of '/home/cough052/shared/ztfrest/candidates/partnership/2459387-2459390': Operation not permitted
chmod: changing permissions of '/home/cough052/shared/ztfrest/candidates/partnership/2459388-2459391': Operation not permitted
chmod: changing permissions of '/home/cough052/shared/ztfrest/candidates/partnership/2459388-2459391/lc_ZTF21abhywxv_forced1_stacked0.csv': Operation not permitted
chmod: changing permissions of '/home/cough052/shared/ztfrest/candidates/partnership/2459389-2459392': Operation not permitted
chmod: changing permissions of '/home/cough052/shared/ztfrest/candidates/partnership/2459389-2459392/lc_ZTF21abhjssj_forced1_stacked0.csv': Operation not permitted
chmod: changing permissions of '/home/cough052/shared/ztfrest/candidates/partnership/2459389-2459392/lc_ZTF21abidhus_forced1_stacked0.csv': Operation not permitted
chmod: changing permissions of '/home/cough052/shared/ztfrest/candidates/partnership/2459389-2459392/lc_ZTF21abhywxv_forced1_stacked0.csv': Operation not permitted
chmod: changing permissions of '/home/cough052/shared/ztfrest/candidates/partnership/2459389-2459392/lc_ZTF21abhytgb_forced1_stacked0.csv': Operation not permitted
chmod: changing permissions of '/home/cough052/shared/ztfrest/candidates/partnership/2459389-2459392/lc_ZTF21abidauk_forced1_stacked0.csv': Operation not permitted
chmod: changing permissions of '/home/cough052/shared/ztfrest/candidates/partnership/2459390-2459393': Operation not permitted
chmod: changing permissions of '/home/cough052/shared/ztfrest/candidates/partnership/2459390-2459393/lc_ZTF21abiblog_forced1_stacked0.csv': Operation not permitted
chmod: changing permissions of '/home/cough052/shared/ztfrest/candidates/partnership/2459390-2459393/lc_ZTF21abidauk_forced1_stacked0.csv': Operation not permitted
chmod: changing permissions of '/home/cough052/shared/ztfrest/candidates/partnership/2459390-2459393/lc_ZTF21abidoss_forced1_stacked0.csv': Operation not permitted
chmod: changing permissions of '/home/cough052/shared/ztfrest/candidates/partnership/2459390-2459393/lc_ZTF21abhytgb_forced1_stacked0.csv': Operation not permitted
chmod: changing permissions of '/home/cough052/shared/ztfrest/candidates/partnership/2459390-2459393/lc_ZTF21abhjssj_forced1_stacked0.csv': Operation not permitted
chmod: changing permissions of '/home/cough052/shared/ztfrest/candidates/partnership/2459390-2459393/lc_ZTF21abhywxv_forced1_stacked0.csv': Operation not permitted
chmod: changing permissions of '/home/cough052/shared/ztfrest/candidates/partnership/2459390-2459393/lc_ZTF21abieoea_forced1_stacked0.csv': Operation not permitted
chmod: changing permissions of '/home/cough052/shared/ztfrest/candidates/partnership/2459391-2459394': Operation not permitted
chmod: changing permissions of '/home/cough052/shared/ztfrest/candidates/partnership/2459391-2459394/lc_ZTF21abhjssj_forced1_stacked0.csv': Operation not permitted
chmod: changing permissions of '/home/cough052/shared/ztfrest/candidates/partnership/2459391-2459394/lc_ZTF21abieoea_forced1_stacked0.csv': Operation not permitted
chmod: changing permissions of '/home/cough052/shared/ztfrest/candidates/partnership/2459391-2459394/lc_ZTF21abiblog_forced1_stacked0.csv': Operation not permitted
chmod: changing permissions of '/home/cough052/shared/ztfrest/candidates/partnership/2459391-2459394/lc_ZTF21abidauk_forced1_stacked0.csv': Operation not permitted
chmod: changing permissions of '/home/cough052/shared/ztfrest/candidates/partnership/2459391-2459394/lc_ZTF21abidoss_forced1_stacked0.csv': Operation not permitted
chmod: changing permissions of '/home/cough052/shared/ztfrest/candidates/partnership/2459392-2459395': Operation not permitted
chmod: changing permissions of '/home/cough052/shared/ztfrest/candidates/partnership/2459392-2459395/lc_ZTF21abidoss_forced1_stacked0.csv': Operation not permitted
chmod: changing permissions of '/home/cough052/shared/ztfrest/candidates/partnership/2459392-2459395/lc_ZTF21abidauk_forced1_stacked0.csv': Operation not permitted
chmod: changing permissions of '/home/cough052/shared/ztfrest/candidates/partnership/2459392-2459395/lc_ZTF21abieoea_forced1_stacked0.csv': Operation not permitted
chmod: changing permissions of '/home/cough052/shared/ztfrest/candidates/partnership/2459393-2459396': Operation not permitted
chmod: changing permissions of '/home/cough052/shared/ztfrest/candidates/partnership/2459393-2459396/lc_ZTF21abieoea_forced1_stacked0.csv': Operation not permitted
chmod: changing permissions of '/home/cough052/shared/ztfrest/candidates/partnership/2459393-2459396/lc_ZTF21abinaiu_forced1_stacked0.csv': Operation not permitted
chmod: changing permissions of '/home/cough052/shared/ztfrest/candidates/partnership/2459393-2459396/lc_ZTF21abieolc_forced1_stacked0.csv': Operation not permitted
chmod: changing permissions of '/home/cough052/shared/ztfrest/candidates/partnership/2459393-2459400': Operation not permitted
chmod: changing permissions of '/home/cough052/shared/ztfrest/candidates/partnership/2459393-2459400/lc_ZTF21abinaiu_forced1_stacked0.csv': Operation not permitted
chmod: changing permissions of '/home/cough052/shared/ztfrest/candidates/partnership/2459393-2459400/lc_ZTF21abitmou_forced1_stacked0.csv': Operation not permitted
chmod: changing permissions of '/home/cough052/shared/ztfrest/candidates/partnership/2459393-2459400/lc_ZTF21abisoui_forced1_stacked0.csv': Operation not permitted
chmod: changing permissions of '/home/cough052/shared/ztfrest/candidates/partnership/2459393-2459400/lc_ZTF21abjpkvy_forced1_stacked0.csv': Operation not permitted
chmod: changing permissions of '/home/cough052/shared/ztfrest/candidates/partnership/2459393-2459400/lc_ZTF21abieolc_forced1_stacked0.csv': Operation not permitted
chmod: changing permissions of '/home/cough052/shared/ztfrest/candidates/partnership/2459394-2459397': Operation not permitted
chmod: changing permissions of '/home/cough052/shared/ztfrest/candidates/partnership/2459394-2459397/lc_ZTF21abinaiu_forced1_stacked0.csv': Operation not permitted
chmod: changing permissions of '/home/cough052/shared/ztfrest/candidates/partnership/2459394-2459401': Operation not permitted
chmod: changing permissions of '/home/cough052/shared/ztfrest/candidates/partnership/2459394-2459401/lc_ZTF21abjtdua_forced1_stacked0.csv': Operation not permitted
chmod: changing permissions of '/home/cough052/shared/ztfrest/candidates/partnership/2459394-2459401/lc_ZTF21abivhns_forced1_stacked0.csv': Operation not permitted
chmod: changing permissions of '/home/cough052/shared/ztfrest/candidates/partnership/2459394-2459401/lc_ZTF21abjpkvy_forced1_stacked0.csv': Operation not permitted
chmod: changing permissions of '/home/cough052/shared/ztfrest/candidates/partnership/2459394-2459401/lc_ZTF21abjrhzz_forced1_stacked0.csv': Operation not permitted
chmod: changing permissions of '/home/cough052/shared/ztfrest/candidates/partnership/2459394-2459401/lc_ZTF21abjvfbc_forced1_stacked0.csv': Operation not permitted
chmod: changing permissions of '/home/cough052/shared/ztfrest/candidates/partnership/2459394-2459401/lc_ZTF21abisoui_forced1_stacked0.csv': Operation not permitted
chmod: changing permissions of '/home/cough052/shared/ztfrest/candidates/partnership/2459394-2459401/lc_ZTF21abinaiu_forced1_stacked0.csv': Operation not permitted
chmod: changing permissions of '/home/cough052/shared/ztfrest/candidates/partnership/2459394-2459401/lc_ZTF21abitmou_forced1_stacked0.csv': Operation not permitted
chmod: changing permissions of '/home/cough052/shared/ztfrest/candidates/partnership/2459394-2459401/lc_ZTF21abjrmes_forced1_stacked0.csv': Operation not permitted
chmod: changing permissions of '/home/cough052/shared/ztfrest/candidates/partnership/2459395-2459398': Operation not permitted
chmod: changing permissions of '/home/cough052/shared/ztfrest/candidates/partnership/2459395-2459398/lc_ZTF21abinaiu_forced1_stacked0.csv': Operation not permitted
chmod: changing permissions of '/home/cough052/shared/ztfrest/candidates/partnership/2459395-2459402': Operation not permitted
chmod: changing permissions of '/home/cough052/shared/ztfrest/candidates/partnership/2459395-2459402/lc_ZTF21abjtdua_forced1_stacked0.csv': Operation not permitted
chmod: changing permissions of '/home/cough052/shared/ztfrest/candidates/partnership/2459395-2459402/lc_ZTF21abisoui_forced1_stacked0.csv': Operation not permitted
chmod: changing permissions of '/home/cough052/shared/ztfrest/candidates/partnership/2459395-2459402/lc_ZTF21abivhns_forced1_stacked0.csv': Operation not permitted
chmod: changing permissions of '/home/cough052/shared/ztfrest/candidates/partnership/2459395-2459402/lc_ZTF21abitmou_forced1_stacked0.csv': Operation not permitted
chmod: changing permissions of '/home/cough052/shared/ztfrest/candidates/partnership/2459395-2459402/lc_ZTF21abinaiu_forced1_stacked0.csv': Operation not permitted
chmod: changing permissions of '/home/cough052/shared/ztfrest/candidates/partnership/2459395-2459402/lc_ZTF21abjrmes_forced1_stacked0.csv': Operation not permitted
chmod: changing permissions of '/home/cough052/shared/ztfrest/candidates/partnership/2459396-2459399': Operation not permitted
chmod: changing permissions of '/home/cough052/shared/ztfrest/candidates/partnership/2459396-2459399/lc_ZTF21abitmou_forced1_stacked0.csv': Operation not permitted
chmod: changing permissions of '/home/cough052/shared/ztfrest/candidates/partnership/2459396-2459399/lc_ZTF21abisoui_forced1_stacked0.csv': Operation not permitted
chmod: changing permissions of '/home/cough052/shared/ztfrest/candidates/partnership/2459396-2459403': Operation not permitted
chmod: changing permissions of '/home/cough052/shared/ztfrest/candidates/partnership/2459396-2459403/lc_ZTF21abivhns_forced1_stacked0.csv': Operation not permitted
chmod: changing permissions of '/home/cough052/shared/ztfrest/candidates/partnership/2459396-2459403/lc_ZTF21abjtdua_forced1_stacked0.csv': Operation not permitted
chmod: changing permissions of '/home/cough052/shared/ztfrest/candidates/partnership/2459396-2459403/lc_ZTF21abjrmes_forced1_stacked0.csv': Operation not permitted
chmod: changing permissions of '/home/cough052/shared/ztfrest/candidates/partnership/2459396-2459403/lc_ZTF21abjvhhr_forced1_stacked0.csv': Operation not permitted
chmod: changing permissions of '/home/cough052/shared/ztfrest/candidates/partnership/2459396-2459403/lc_ZTF21abisoui_forced1_stacked0.csv': Operation not permitted
chmod: changing permissions of '/home/cough052/shared/ztfrest/candidates/partnership/2459397-2459400': Operation not permitted
chmod: changing permissions of '/home/cough052/shared/ztfrest/candidates/partnership/2459397-2459400/lc_ZTF21abisoui_forced1_stacked0.csv': Operation not permitted
chmod: changing permissions of '/home/cough052/shared/ztfrest/candidates/partnership/2459397-2459400/lc_ZTF21abjpkvy_forced1_stacked0.csv': Operation not permitted
chmod: changing permissions of '/home/cough052/shared/ztfrest/candidates/partnership/2459397-2459400/lc_ZTF21abitmou_forced1_stacked0.csv': Operation not permitted
chmod: changing permissions of '/home/cough052/shared/ztfrest/candidates/partnership/2459397-2459404': Operation not permitted
chmod: changing permissions of '/home/cough052/shared/ztfrest/candidates/partnership/2459397-2459404/lc_ZTF21abivhns_forced1_stacked0.csv': Operation not permitted
chmod: changing permissions of '/home/cough052/shared/ztfrest/candidates/partnership/2459397-2459404/lc_ZTF21abjtdua_forced1_stacked0.csv': Operation not permitted
chmod: changing permissions of '/home/cough052/shared/ztfrest/candidates/partnership/2459397-2459404/lc_ZTF21abisoui_forced1_stacked0.csv': Operation not permitted
chmod: changing permissions of '/home/cough052/shared/ztfrest/candidates/partnership/2459398-2459405': Operation not permitted
chmod: changing permissions of '/home/cough052/shared/ztfrest/candidates/partnership/2459398-2459405/lc_ZTF21abjtdua_forced1_stacked0.csv': Operation not permitted
chmod: changing permissions of '/home/cough052/shared/ztfrest/candidates/partnership/2459398-2459405/lc_ZTF21abisoui_forced1_stacked0.csv': Operation not permitted
chmod: changing permissions of '/home/cough052/shared/ztfrest/candidates/partnership/2459398-2459405/lc_ZTF21abkaoxe_forced1_stacked0.csv': Operation not permitted
chmod: changing permissions of '/home/cough052/shared/ztfrest/candidates/partnership/2459398-2459405/lc_ZTF21abivhns_forced1_stacked0.csv': Operation not permitted
chmod: changing permissions of '/home/cough052/shared/ztfrest/candidates/partnership/2459399-2459406': Operation not permitted
chmod: changing permissions of '/home/cough052/shared/ztfrest/candidates/partnership/2459399-2459406/lc_ZTF21abisoui_forced1_stacked0.csv': Operation not permitted
chmod: changing permissions of '/home/cough052/shared/ztfrest/candidates/partnership/2459400-2459407': Operation not permitted
chmod: changing permissions of '/home/cough052/shared/ztfrest/candidates/partnership/2459401-2459408': Operation not permitted
chmod: changing permissions of '/home/cough052/shared/ztfrest/candidates/partnership/2459401-2459408/lc_ZTF21abkkcev_forced1_stacked0.csv': Operation not permitted
chmod: changing permissions of '/home/cough052/shared/ztfrest/candidates/partnership/2459402-2459409': Operation not permitted
chmod: changing permissions of '/home/cough052/shared/ztfrest/candidates/partnership/2459402-2459409/lc_ZTF21abkkcev_forced1_stacked0.csv': Operation not permitted
chmod: changing permissions of '/home/cough052/shared/ztfrest/candidates/partnership/2459402-2459409/lc_ZTF21ablazah_forced1_stacked0.csv': Operation not permitted
chmod: changing permissions of '/home/cough052/shared/ztfrest/logs': Operation not permitted
chmod: changing permissions of '/home/cough052/shared/ztfrest/logs/daily_candidates.log': Operation not permitted
chmod: changing permissions of '/home/cough052/shared/ztfrest/tmp': Operation not permitted
chmod: changing permissions of '/home/cough052/shared/ztfrest/tmp/candidate_data': Operation not permitted
chmod: changing permissions of '/home/cough052/shared/ztfrest/tmp/fit.log': Operation not permitted
chmod: changing permissions of '/home/cough052/shared/ztfrest/run_crontab_push.sh': Operation not permitted
chmod: changing permissions of '/home/cough052/shared/ztfrest/run_crontab_pull.sh': Operation not permitted
