failed to pull from schoty
Using manual folder 2459391-2459394
Candidate Directory: /panfs/roc/groups/7/cough052/shared/ztfrest/candidates/partnership/2459391-2459394/
cwd: /panfs/roc/groups/7/cough052/shared/ztfrest/candidate_fits/2459391-2459394
failed to pull from schoty
Using manual folder 2459393-2459396
Candidate Directory: /panfs/roc/groups/7/cough052/shared/ztfrest/candidates/partnership/2459393-2459396/
cwd: /panfs/roc/groups/7/cough052/shared/ztfrest/candidate_fits/2459393-2459396
failed to pull from schoty
Using manual folder 2459393-2459400
Candidate Directory: /panfs/roc/groups/7/cough052/shared/ztfrest/candidates/partnership/2459393-2459400/
cwd: /panfs/roc/groups/7/cough052/shared/ztfrest/candidate_fits/2459393-2459400
failed to pull from schoty
Using manual folder 2459394-2459397
Candidate Directory: /panfs/roc/groups/7/cough052/shared/ztfrest/candidates/partnership/2459394-2459397/
cwd: /panfs/roc/groups/7/cough052/shared/ztfrest/candidate_fits/2459394-2459397
failed to pull from schoty with rsync
failed to pull from schoty with scp
Using manual folder 2459394-2459401
Candidate Directory: /panfs/roc/groups/7/cough052/shared/ztfrest/candidates/partnership/2459394-2459401/
cwd: /panfs/roc/groups/7/cough052/shared/ztfrest/candidate_fits/2459394-2459401
failed to pull from schoty with rsync
failed to pull from schoty with scp
Using manual folder 2459395-2459398
Candidate Directory: /panfs/roc/groups/7/cough052/shared/ztfrest/candidates/partnership/2459395-2459398/
cwd: /panfs/roc/groups/7/cough052/shared/ztfrest/candidate_fits/2459395-2459398
failed to pull from schoty with rsync
failed to pull from schoty with scp
Using manual folder 2459395-2459402
Candidate Directory: /panfs/roc/groups/7/cough052/shared/ztfrest/candidates/partnership/2459395-2459402/
cwd: /panfs/roc/groups/7/cough052/shared/ztfrest/candidate_fits/2459395-2459402
failed to pull from schoty with rsync
failed to pull from schoty with scp
Using manual folder 2459396-2459399
Candidate Directory: /panfs/roc/groups/7/cough052/shared/ztfrest/candidates/partnership/2459396-2459399/
cwd: /panfs/roc/groups/7/cough052/shared/ztfrest/candidate_fits/2459396-2459399
failed to pull from schoty with rsync
failed to pull from schoty with scp
Using manual folder 2459396-2459403
Candidate Directory: /panfs/roc/groups/7/cough052/shared/ztfrest/candidates/partnership/2459396-2459403/
cwd: /panfs/roc/groups/7/cough052/shared/ztfrest/candidate_fits/2459396-2459403
failed to pull from schoty with rsync
failed to pull from schoty with scp
Using manual folder 2459397-2459400
Candidate Directory: /panfs/roc/groups/7/cough052/shared/ztfrest/candidates/partnership/2459397-2459400/
cwd: /panfs/roc/groups/7/cough052/shared/ztfrest/candidate_fits/2459397-2459400
failed to pull from schoty with rsync
failed to pull from schoty with scp
Using manual folder 2459397-2459404
Candidate Directory: /panfs/roc/groups/7/cough052/shared/ztfrest/candidates/partnership/2459397-2459404/
cwd: /panfs/roc/groups/7/cough052/shared/ztfrest/candidate_fits/2459397-2459404
