12:51 INFO    : Running for label 'TrPi2018', output will be saved to './ZTF20abwysqyForced.csv'
12:51 INFO    : Running for label 'TrPi2018', output will be saved to './ZTF20abwysqyForced.csv'
12:51 INFO    : Running for label 'TrPi2018', output will be saved to './ZTF20abwysqyForced.csv'
12:51 INFO    : Running for label 'TrPi2018', output will be saved to './ZTF20abwysqyForced.csv'
12:51 INFO    : Search parameters:
12:51 INFO    :   luminosity_distance = Uniform(minimum=0, maximum=7000, name='luminosity_distance', latex_label='$D_L$', unit=None, boundary=None)
12:51 INFO    :   KNtimeshift = Uniform(minimum=-2.0, maximum=1.0, name='trigger_time', latex_label='$t_0$', unit=None, boundary=None)
12:51 INFO    :   inclination_EM = Sine(minimum=0.0, maximum=1.5707963267948966, name='inclination_EM', latex_label='$\\iota$', unit=None, boundary=None)
12:51 INFO    :   log10_E0 = Uniform(minimum=0, maximum=99, name='log10_E0', latex_label='$\\log_{10}E_0$', unit=None, boundary=None)
12:51 INFO    :   thetaCore = Uniform(minimum=0, maximum=1.5707963267948966, name='theta_core', latex_label='$\\theta_c$', unit=None, boundary=None)
12:51 INFO    :   thetaWing = Uniform(minimum=0, maximum=1.5707963267948966, name='theta_wing', latex_label='$\\theta_w$', unit=None, boundary=None)
12:51 INFO    :   log10_n0 = Uniform(minimum=0.0, maximum=15.0, name='log10_n0', latex_label='$\\log_{10}n_0$', unit=None, boundary=None)
12:51 INFO    :   p = Uniform(minimum=2.0, maximum=10.0, name='p', latex_label='$p$', unit=None, boundary=None)
12:51 INFO    :   log10_epsilon_e = Uniform(minimum=-15, maximum=0.0, name='log10_epsilon_e', latex_label='$\\log_{10}\\epsilon_e$', unit=None, boundary=None)
12:51 INFO    :   log10_epsilon_B = Uniform(minimum=-15, maximum=0.0, name='log10_epsilon_B', latex_label='$\\log_{10}\\epsilon_B$', unit=None, boundary=None)
12:51 INFO    :   Ebv = Interped(xx=array([0.    , 0.5724]), yy=array([3.4940601, 0.       ]), minimum=0.0, maximum=0.5724, name='Ebv', latex_label='$E(B-V)$', unit=None, boundary=None)
12:51 INFO    :   ksiN = 1.0
12:51 INFO    :   L0 = 0.0
12:51 INFO    :   dL = 3.09e+19
12:51 INFO    :   b = 6.0
12:51 INFO    :   q = 0.0
12:51 INFO    :   ts = 0.0
12:51 WARNING : Supplied argument 'npool' not an argument of 'Pymultinest', removing.
12:51 WARNING : Supplied argument 'queue_size' not an argument of 'Pymultinest', removing.
12:51 WARNING : Supplied argument 'check_point_delta_t' not an argument of 'Pymultinest', removing.
12:51 INFO    : Using sampler Pymultinest with kwargs {'importance_nested_sampling': False, 'resume': True, 'verbose': True, 'sampling_efficiency': 'parameter', 'n_live_points': 128, 'n_params': 11, 'n_clustering_params': None, 'wrapped_params': None, 'multimodal': True, 'const_efficiency_mode': False, 'evidence_tolerance': 0.5, 'n_iter_before_update': 100, 'null_log_evidence': -1e+90, 'max_modes': 100, 'mode_tolerance': -1e+90, 'seed': 42, 'context': 0, 'write_output': True, 'log_zero': -1e+100, 'max_iter': 0, 'init_MPI': False, 'dump_callback': <bound method Pymultinest._dump_callback of <bilby.core.sampler.pymultinest.Pymultinest object at 0x7f86f72da1d0>>}
12:51 INFO    : Temporary directory incompatible with MPI, will run in original directory
12:51 INFO    : Using output file ./ZTF20abwysqyForced.csv/pm_TrPi2018/
12:51 INFO    : Search parameters:
12:51 INFO    :   luminosity_distance = Uniform(minimum=0, maximum=7000, name='luminosity_distance', latex_label='$D_L$', unit=None, boundary=None)
12:51 INFO    :   KNtimeshift = Uniform(minimum=-2.0, maximum=1.0, name='trigger_time', latex_label='$t_0$', unit=None, boundary=None)
12:51 INFO    :   inclination_EM = Sine(minimum=0.0, maximum=1.5707963267948966, name='inclination_EM', latex_label='$\\iota$', unit=None, boundary=None)
12:51 INFO    :   log10_E0 = Uniform(minimum=0, maximum=99, name='log10_E0', latex_label='$\\log_{10}E_0$', unit=None, boundary=None)
12:51 INFO    :   thetaCore = Uniform(minimum=0, maximum=1.5707963267948966, name='theta_core', latex_label='$\\theta_c$', unit=None, boundary=None)
12:51 INFO    :   thetaWing = Uniform(minimum=0, maximum=1.5707963267948966, name='theta_wing', latex_label='$\\theta_w$', unit=None, boundary=None)
12:51 INFO    :   log10_n0 = Uniform(minimum=0.0, maximum=15.0, name='log10_n0', latex_label='$\\log_{10}n_0$', unit=None, boundary=None)
12:51 INFO    :   p = Uniform(minimum=2.0, maximum=10.0, name='p', latex_label='$p$', unit=None, boundary=None)
12:51 INFO    :   log10_epsilon_e = Uniform(minimum=-15, maximum=0.0, name='log10_epsilon_e', latex_label='$\\log_{10}\\epsilon_e$', unit=None, boundary=None)
12:51 INFO    :   log10_epsilon_B = Uniform(minimum=-15, maximum=0.0, name='log10_epsilon_B', latex_label='$\\log_{10}\\epsilon_B$', unit=None, boundary=None)
12:51 INFO    :   Ebv = Interped(xx=array([0.    , 0.5724]), yy=array([3.4940601, 0.       ]), minimum=0.0, maximum=0.5724, name='Ebv', latex_label='$E(B-V)$', unit=None, boundary=None)
12:51 INFO    :   ksiN = 1.0
12:51 INFO    :   L0 = 0.0
12:51 INFO    :   dL = 3.09e+19
12:51 INFO    :   b = 6.0
12:51 INFO    :   q = 0.0
12:51 INFO    :   ts = 0.0
12:51 WARNING : Supplied argument 'npool' not an argument of 'Pymultinest', removing.
12:51 WARNING : Supplied argument 'queue_size' not an argument of 'Pymultinest', removing.
12:51 WARNING : Supplied argument 'check_point_delta_t' not an argument of 'Pymultinest', removing.
12:51 INFO    : Using sampler Pymultinest with kwargs {'importance_nested_sampling': False, 'resume': True, 'verbose': True, 'sampling_efficiency': 'parameter', 'n_live_points': 128, 'n_params': 11, 'n_clustering_params': None, 'wrapped_params': None, 'multimodal': True, 'const_efficiency_mode': False, 'evidence_tolerance': 0.5, 'n_iter_before_update': 100, 'null_log_evidence': -1e+90, 'max_modes': 100, 'mode_tolerance': -1e+90, 'seed': 42, 'context': 0, 'write_output': True, 'log_zero': -1e+100, 'max_iter': 0, 'init_MPI': False, 'dump_callback': <bound method Pymultinest._dump_callback of <bilby.core.sampler.pymultinest.Pymultinest object at 0x7f6ebd9a0f90>>}
12:51 INFO    : Temporary directory incompatible with MPI, will run in original directory
12:51 INFO    : Using output file ./ZTF20abwysqyForced.csv/pm_TrPi2018/
12:51 INFO    : Search parameters:
12:51 INFO    :   luminosity_distance = Uniform(minimum=0, maximum=7000, name='luminosity_distance', latex_label='$D_L$', unit=None, boundary=None)
12:51 INFO    :   KNtimeshift = Uniform(minimum=-2.0, maximum=1.0, name='trigger_time', latex_label='$t_0$', unit=None, boundary=None)
12:51 INFO    :   inclination_EM = Sine(minimum=0.0, maximum=1.5707963267948966, name='inclination_EM', latex_label='$\\iota$', unit=None, boundary=None)
12:51 INFO    :   log10_E0 = Uniform(minimum=0, maximum=99, name='log10_E0', latex_label='$\\log_{10}E_0$', unit=None, boundary=None)
12:51 INFO    :   thetaCore = Uniform(minimum=0, maximum=1.5707963267948966, name='theta_core', latex_label='$\\theta_c$', unit=None, boundary=None)
12:51 INFO    :   thetaWing = Uniform(minimum=0, maximum=1.5707963267948966, name='theta_wing', latex_label='$\\theta_w$', unit=None, boundary=None)
12:51 INFO    :   log10_n0 = Uniform(minimum=0.0, maximum=15.0, name='log10_n0', latex_label='$\\log_{10}n_0$', unit=None, boundary=None)
12:51 INFO    :   p = Uniform(minimum=2.0, maximum=10.0, name='p', latex_label='$p$', unit=None, boundary=None)
12:51 INFO    :   log10_epsilon_e = Uniform(minimum=-15, maximum=0.0, name='log10_epsilon_e', latex_label='$\\log_{10}\\epsilon_e$', unit=None, boundary=None)
12:51 INFO    : Search parameters:
12:51 INFO    :   log10_epsilon_B = Uniform(minimum=-15, maximum=0.0, name='log10_epsilon_B', latex_label='$\\log_{10}\\epsilon_B$', unit=None, boundary=None)
12:51 INFO    :   luminosity_distance = Uniform(minimum=0, maximum=7000, name='luminosity_distance', latex_label='$D_L$', unit=None, boundary=None)
12:51 INFO    :   KNtimeshift = Uniform(minimum=-2.0, maximum=1.0, name='trigger_time', latex_label='$t_0$', unit=None, boundary=None)
12:51 INFO    :   Ebv = Interped(xx=array([0.    , 0.5724]), yy=array([3.4940601, 0.       ]), minimum=0.0, maximum=0.5724, name='Ebv', latex_label='$E(B-V)$', unit=None, boundary=None)
12:51 INFO    :   ksiN = 1.0
12:51 INFO    :   inclination_EM = Sine(minimum=0.0, maximum=1.5707963267948966, name='inclination_EM', latex_label='$\\iota$', unit=None, boundary=None)
12:51 INFO    :   L0 = 0.0
12:51 INFO    :   dL = 3.09e+19
12:51 INFO    :   b = 6.0
12:51 INFO    :   log10_E0 = Uniform(minimum=0, maximum=99, name='log10_E0', latex_label='$\\log_{10}E_0$', unit=None, boundary=None)
12:51 INFO    :   q = 0.0
12:51 INFO    :   ts = 0.0
12:51 INFO    :   thetaCore = Uniform(minimum=0, maximum=1.5707963267948966, name='theta_core', latex_label='$\\theta_c$', unit=None, boundary=None)
12:51 WARNING : Supplied argument 'npool' not an argument of 'Pymultinest', removing.
12:51 WARNING : Supplied argument 'queue_size' not an argument of 'Pymultinest', removing.
12:51 WARNING : Supplied argument 'check_point_delta_t' not an argument of 'Pymultinest', removing.
12:51 INFO    :   thetaWing = Uniform(minimum=0, maximum=1.5707963267948966, name='theta_wing', latex_label='$\\theta_w$', unit=None, boundary=None)
12:51 INFO    : Using sampler Pymultinest with kwargs {'importance_nested_sampling': False, 'resume': True, 'verbose': True, 'sampling_efficiency': 'parameter', 'n_live_points': 128, 'n_params': 11, 'n_clustering_params': None, 'wrapped_params': None, 'multimodal': True, 'const_efficiency_mode': False, 'evidence_tolerance': 0.5, 'n_iter_before_update': 100, 'null_log_evidence': -1e+90, 'max_modes': 100, 'mode_tolerance': -1e+90, 'seed': 42, 'context': 0, 'write_output': True, 'log_zero': -1e+100, 'max_iter': 0, 'init_MPI': False, 'dump_callback': <bound method Pymultinest._dump_callback of <bilby.core.sampler.pymultinest.Pymultinest object at 0x7f0f2d97cb10>>}
12:51 INFO    :   log10_n0 = Uniform(minimum=0.0, maximum=15.0, name='log10_n0', latex_label='$\\log_{10}n_0$', unit=None, boundary=None)
12:51 INFO    :   p = Uniform(minimum=2.0, maximum=10.0, name='p', latex_label='$p$', unit=None, boundary=None)
12:51 INFO    : Temporary directory incompatible with MPI, will run in original directory
12:51 INFO    :   log10_epsilon_e = Uniform(minimum=-15, maximum=0.0, name='log10_epsilon_e', latex_label='$\\log_{10}\\epsilon_e$', unit=None, boundary=None)
12:51 INFO    : Using output file ./ZTF20abwysqyForced.csv/pm_TrPi2018/
12:51 INFO    :   log10_epsilon_B = Uniform(minimum=-15, maximum=0.0, name='log10_epsilon_B', latex_label='$\\log_{10}\\epsilon_B$', unit=None, boundary=None)
12:51 INFO    :   Ebv = Interped(xx=array([0.    , 0.5724]), yy=array([3.4940601, 0.       ]), minimum=0.0, maximum=0.5724, name='Ebv', latex_label='$E(B-V)$', unit=None, boundary=None)
12:51 INFO    :   ksiN = 1.0
12:51 INFO    :   L0 = 0.0
12:51 INFO    :   dL = 3.09e+19
12:51 INFO    :   b = 6.0
12:51 INFO    :   q = 0.0
12:51 INFO    :   ts = 0.0
12:51 WARNING : Supplied argument 'npool' not an argument of 'Pymultinest', removing.
12:51 WARNING : Supplied argument 'queue_size' not an argument of 'Pymultinest', removing.
12:51 WARNING : Supplied argument 'check_point_delta_t' not an argument of 'Pymultinest', removing.
12:51 INFO    : Using sampler Pymultinest with kwargs {'importance_nested_sampling': False, 'resume': True, 'verbose': True, 'sampling_efficiency': 'parameter', 'n_live_points': 128, 'n_params': 11, 'n_clustering_params': None, 'wrapped_params': None, 'multimodal': True, 'const_efficiency_mode': False, 'evidence_tolerance': 0.5, 'n_iter_before_update': 100, 'null_log_evidence': -1e+90, 'max_modes': 100, 'mode_tolerance': -1e+90, 'seed': 42, 'context': 0, 'write_output': True, 'log_zero': -1e+100, 'max_iter': 0, 'init_MPI': False, 'dump_callback': <bound method Pymultinest._dump_callback of <bilby.core.sampler.pymultinest.Pymultinest object at 0x7f4a902f2350>>}
12:51 INFO    : Temporary directory incompatible with MPI, will run in original directory
12:51 INFO    : Using output file ./ZTF20abwysqyForced.csv/pm_TrPi2018/
12:54 INFO    : Run interrupted by signal 15: checkpoint and exit on 77
12:56 INFO    : Run interrupted by signal 15: checkpoint and exit on 77
12:57 INFO    : Run interrupted by signal 15: checkpoint and exit on 77
13:16 INFO    : Run interrupted by signal 15: checkpoint and exit on 77
13:19 INFO    : Run interrupted by signal 15: checkpoint and exit on 77
13:27 INFO    : Run interrupted by signal 15: checkpoint and exit on 77
13:34 INFO    : Run interrupted by signal 15: checkpoint and exit on 77
13:57 INFO    : Run interrupted by signal 15: checkpoint and exit on 77
14:02 INFO    : Run interrupted by signal 15: checkpoint and exit on 77
14:09 INFO    : Run interrupted by signal 15: checkpoint and exit on 77
14:16 INFO    : Run interrupted by signal 15: checkpoint and exit on 77
14:38 INFO    : Run interrupted by signal 15: checkpoint and exit on 77
14:42 INFO    : Run interrupted by signal 15: checkpoint and exit on 77
14:42 INFO    : Run interrupted by signal 15: checkpoint and exit on 77
14:55 INFO    : Run interrupted by signal 15: checkpoint and exit on 77
15:07 INFO    : Run interrupted by signal 15: checkpoint and exit on 77
15:09 INFO    : Run interrupted by signal 15: checkpoint and exit on 77
15:12 INFO    : Run interrupted by signal 15: checkpoint and exit on 77
15:19 INFO    : Run interrupted by signal 15: checkpoint and exit on 77
15:27 INFO    : Run interrupted by signal 15: checkpoint and exit on 77
15:38 INFO    : Run interrupted by signal 15: checkpoint and exit on 77
15:48 INFO    : Run interrupted by signal 15: checkpoint and exit on 77
15:51 INFO    : Run interrupted by signal 15: checkpoint and exit on 77
15:55 INFO    : Run interrupted by signal 15: checkpoint and exit on 77
16:04 INFO    : Run interrupted by signal 15: checkpoint and exit on 77
16:04 INFO    : Run interrupted by signal 15: checkpoint and exit on 77
16:10 INFO    : Run interrupted by signal 15: checkpoint and exit on 77
16:15 INFO    : Run interrupted by signal 15: checkpoint and exit on 77
16:15 INFO    : Run interrupted by signal 15: checkpoint and exit on 77
16:16 INFO    : Run interrupted by signal 15: checkpoint and exit on 77
16:17 INFO    : Run interrupted by signal 15: checkpoint and exit on 77
16:17 INFO    : Run interrupted by signal 15: checkpoint and exit on 77
16:17 INFO    : Run interrupted by signal 15: checkpoint and exit on 77
16:18 INFO    : Run interrupted by signal 15: checkpoint and exit on 77
16:19 INFO    : Run interrupted by signal 15: checkpoint and exit on 77
16:19 INFO    : Run interrupted by signal 15: checkpoint and exit on 77
16:19 INFO    : Run interrupted by signal 15: checkpoint and exit on 77
16:20 INFO    : Run interrupted by signal 15: checkpoint and exit on 77
16:23 INFO    : Run interrupted by signal 15: checkpoint and exit on 77
16:25 INFO    : Run interrupted by signal 15: checkpoint and exit on 77
16:25 INFO    : Run interrupted by signal 15: checkpoint and exit on 77
16:40 INFO    : Run interrupted by signal 15: checkpoint and exit on 77
16:56 INFO    : Run interrupted by signal 15: checkpoint and exit on 77
17:20 INFO    : Run interrupted by signal 15: checkpoint and exit on 77
17:27 INFO    : Run interrupted by signal 15: checkpoint and exit on 77
17:31 INFO    : Run interrupted by signal 15: checkpoint and exit on 77
17:38 INFO    : Run interrupted by signal 15: checkpoint and exit on 77
18:06 INFO    : Run interrupted by signal 15: checkpoint and exit on 77
18:07 INFO    : Run interrupted by signal 15: checkpoint and exit on 77
18:12 INFO    : Run interrupted by signal 15: checkpoint and exit on 77
20:26 INFO    : Run interrupted by signal 15: checkpoint and exit on 77
