10:29 INFO    : Running for label 'Bu2019lm', output will be saved to './ZTF22aaujrib'
10:29 INFO    : Running for label 'Bu2019lm', output will be saved to './ZTF22aaujrib'
10:29 INFO    : Search parameters:
10:29 INFO    : Search parameters:
10:29 INFO    :   luminosity_distance = Uniform(minimum=0.0, maximum=200.0, name='luminosity_distance', latex_label='$D_L$', unit=None, boundary=None)
10:29 INFO    :   luminosity_distance = Uniform(minimum=0.0, maximum=200.0, name='luminosity_distance', latex_label='$D_L$', unit=None, boundary=None)
10:29 INFO    :   KNphi = Uniform(minimum=15.0, maximum=75.0, name='KNphi', latex_label='$\\Phi$', unit=None, boundary=None)
10:29 INFO    :   KNphi = Uniform(minimum=15.0, maximum=75.0, name='KNphi', latex_label='$\\Phi$', unit=None, boundary=None)
10:29 INFO    :   inclination_EM = Sine(minimum=0.0, maximum=1.5707963267948966, name='inclination_EM', latex_label='$\\iota$', unit=None, boundary=None)
10:29 INFO    :   inclination_EM = Sine(minimum=0.0, maximum=1.5707963267948966, name='inclination_EM', latex_label='$\\iota$', unit=None, boundary=None)
10:29 INFO    :   KNtimeshift = Uniform(minimum=-2.0, maximum=1.0, name='trigger_time', latex_label='$t_0$', unit=None, boundary=None)
10:29 INFO    :   KNtimeshift = Uniform(minimum=-2.0, maximum=1.0, name='trigger_time', latex_label='$t_0$', unit=None, boundary=None)
10:29 INFO    :   log10_mej_dyn = Uniform(minimum=-3.0, maximum=-1.0, name='log10_mej_dyn', latex_label='$\\log_{10}M^{\\rm{dyn}}_{\\rm{ej}}$', unit=None, boundary=None)
10:29 INFO    :   log10_mej_wind = Uniform(minimum=-3.0, maximum=-0.5, name='log10_mej_wind', latex_label='$\\log_{10}M^{\\rm{wind}}_{\\rm{ej}}$', unit=None, boundary=None)
10:29 INFO    :   log10_mej_dyn = Uniform(minimum=-3.0, maximum=-1.0, name='log10_mej_dyn', latex_label='$\\log_{10}M^{\\rm{dyn}}_{\\rm{ej}}$', unit=None, boundary=None)
10:29 INFO    :   log10_mej_wind = Uniform(minimum=-3.0, maximum=-0.5, name='log10_mej_wind', latex_label='$\\log_{10}M^{\\rm{wind}}_{\\rm{ej}}$', unit=None, boundary=None)
10:29 INFO    :   Ebv = Interped(xx=array([0.    , 0.5724]), yy=array([3.4940601, 0.       ]), minimum=0.0, maximum=0.5724, name='Ebv', latex_label='$E(B-V)$', unit=None, boundary=None)
10:29 WARNING : Supplied argument 'npool' not an argument of 'Pymultinest', removing.
10:29 WARNING : Supplied argument 'queue_size' not an argument of 'Pymultinest', removing.
10:29 WARNING : Supplied argument 'check_point_delta_t' not an argument of 'Pymultinest', removing.
10:29 INFO    :   Ebv = Interped(xx=array([0.    , 0.5724]), yy=array([3.4940601, 0.       ]), minimum=0.0, maximum=0.5724, name='Ebv', latex_label='$E(B-V)$', unit=None, boundary=None)
10:29 WARNING : Supplied argument 'npool' not an argument of 'Pymultinest', removing.
10:29 WARNING : Supplied argument 'queue_size' not an argument of 'Pymultinest', removing.
10:29 WARNING : Supplied argument 'check_point_delta_t' not an argument of 'Pymultinest', removing.
10:29 INFO    : Using sampler Pymultinest with kwargs {'importance_nested_sampling': False, 'resume': True, 'verbose': True, 'sampling_efficiency': 'parameter', 'n_live_points': 512, 'n_params': 7, 'n_clustering_params': None, 'wrapped_params': None, 'multimodal': True, 'const_efficiency_mode': False, 'evidence_tolerance': 0.5, 'n_iter_before_update': 100, 'null_log_evidence': -1e+90, 'max_modes': 100, 'mode_tolerance': -1e+90, 'seed': 42, 'context': 0, 'write_output': True, 'log_zero': -1e+100, 'max_iter': 0, 'init_MPI': False, 'dump_callback': <bound method Pymultinest._dump_callback of <bilby.core.sampler.pymultinest.Pymultinest object at 0x2b258aa36b50>>}
10:29 INFO    : Using sampler Pymultinest with kwargs {'importance_nested_sampling': False, 'resume': True, 'verbose': True, 'sampling_efficiency': 'parameter', 'n_live_points': 512, 'n_params': 7, 'n_clustering_params': None, 'wrapped_params': None, 'multimodal': True, 'const_efficiency_mode': False, 'evidence_tolerance': 0.5, 'n_iter_before_update': 100, 'null_log_evidence': -1e+90, 'max_modes': 100, 'mode_tolerance': -1e+90, 'seed': 42, 'context': 0, 'write_output': True, 'log_zero': -1e+100, 'max_iter': 0, 'init_MPI': False, 'dump_callback': <bound method Pymultinest._dump_callback of <bilby.core.sampler.pymultinest.Pymultinest object at 0x2b5b2dbe5150>>}
10:29 INFO    : Temporary directory incompatible with MPI, will run in original directory
10:29 INFO    : Temporary directory incompatible with MPI, will run in original directory
10:29 INFO    : Using output file ./ZTF22aaujrib/pm_Bu2019lm/
10:29 INFO    : Using output file ./ZTF22aaujrib/pm_Bu2019lm/
11:53 INFO    : Sampling time: 1:24:16.059396
11:53 INFO    : Sampling time: 1:24:16.063222
11:54 INFO    : Summary of results:
nsamples: 2477
ln_noise_evidence:  0.000
ln_evidence: -8.467 +/-  0.073
ln_bayes_factor: -8.467 +/-  0.073

11:54 INFO    : Summary of results:
nsamples: 2477
ln_noise_evidence:  0.000
ln_evidence: -8.467 +/-  0.073
ln_bayes_factor: -8.467 +/-  0.073

11:54 INFO    : Writing samples file to /panfs/roc/groups/7/cough052/shared/ztfrest/candidate_fits/2459779-2459786/ZTF22aaujrib/Bu2019lm_posterior_samples.dat
11:54 INFO    : Writing samples file to /panfs/roc/groups/7/cough052/shared/ztfrest/candidate_fits/2459779-2459786/ZTF22aaujrib/Bu2019lm_posterior_samples.dat
