Found object: ZTF22aatuvld
sbatch: Setting account: cough052
Submitted job for candidate ZTF22aatuvld, model Bu2019lm. Job id: 148691256
sbatch: Setting account: cough052
Submitted job for candidate ZTF22aatuvld, model nugent-hyper. Job id: 148691257
sbatch: Setting account: cough052
Submitted job for candidate ZTF22aatuvld, model TrPi2018. Job id: 148691258
sbatch: Setting account: cough052
Submitted job for candidate ZTF22aatuvld, model Piro2021. Job id: 148691259
Job 148691259 for candidate ZTF22aatuvld encountered the following errors: 
10:29 bilby INFO    : Running for label 'Piro2021', output will be saved to './ZTF22aatuvld'
10:29 bilby INFO    : Running for label 'Piro2021', output will be saved to './ZTF22aatuvld'
10:29 bilby INFO    : Search parameters:
10:29 bilby INFO    :   luminosity_distance = Uniform(minimum=0.0, maximum=1000.0, name='luminosity_distance', latex_label='$D_L$', unit=None, boundary=None)
10:29 bilby INFO    :   KNtimeshift = Uniform(minimum=-2.0, maximum=0.0, name='trigger_time', latex_label='$t_0$', unit=None, boundary=None)
10:29 bilby INFO    :   log10_Menv = Uniform(minimum=-5.0, maximum=0.0, name='log10_Menv', latex_label='$\\log_{10}M^{\\rm{env}}$', unit=None, boundary=None)
10:29 bilby INFO    :   log10_Renv = Uniform(minimum=10.0, maximum=15, name='log10_Renv', latex_label='$\\log_{10}R^{\\rm{env}}$', unit=None, boundary=None)
10:29 bilby INFO    :   log10_Ee = Uniform(minimum=47.0, maximum=52.0, name='log10_Eext', latex_label='$\\log_{10}E^{\\rm{e}}$', unit=None, boundary=None)
10:29 bilby INFO    :   Ebv = Interped(xx=array([0.    , 0.5724]), yy=array([3.4940601, 0.       ]), minimum=0.0, maximum=0.5724, name='Ebv', latex_label='$E(B-V)$', unit=None, boundary=None)
10:29 bilby WARNING : Supplied argument 'npool' not an argument of 'Pymultinest', removing.
10:29 bilby WARNING : Supplied argument 'queue_size' not an argument of 'Pymultinest', removing.
10:29 bilby WARNING : Supplied argument 'check_point_delta_t' not an argument of 'Pymultinest', removing.
10:29 bilby INFO    : Using sampler Pymultinest with kwargs {'importance_nested_sampling': False, 'resume': True, 'verbose': True, 'sampling_efficiency': 'parameter', 'n_live_points': 512, 'n_params': 6, 'n_clustering_params': None, 'wrapped_params': None, 'multimodal': True, 'const_efficiency_mode': False, 'evidence_tolerance': 0.5, 'n_iter_before_update': 100, 'null_log_evidence': -1e+90, 'max_modes': 100, 'mode_tolerance': -1e+90, 'seed': 42, 'context': 0, 'write_output': True, 'log_zero': -1e+100, 'max_iter': 0, 'init_MPI': False, 'dump_callback': <bound method Pymultinest._dump_callback of <bilby.core.sampler.pymultinest.Pymultinest object at 0x2b36ea9daed0>>}
10:29 bilby INFO    : Temporary directory incompatible with MPI, will run in original directory
10:29 bilby INFO    : Using output file ./ZTF22aatuvld/pm_Piro2021/
10:29 bilby INFO    : Search parameters:
10:29 bilby INFO    :   luminosity_distance = Uniform(minimum=0.0, maximum=1000.0, name='luminosity_distance', latex_label='$D_L$', unit=None, boundary=None)
10:29 bilby INFO    :   KNtimeshift = Uniform(minimum=-2.0, maximum=0.0, name='trigger_time', latex_label='$t_0$', unit=None, boundary=None)
10:29 bilby INFO    :   log10_Menv = Uniform(minimum=-5.0, maximum=0.0, name='log10_Menv', latex_label='$\\log_{10}M^{\\rm{env}}$', unit=None, boundary=None)
10:29 bilby INFO    :   log10_Renv = Uniform(minimum=10.0, maximum=15, name='log10_Renv', latex_label='$\\log_{10}R^{\\rm{env}}$', unit=None, boundary=None)
10:29 bilby INFO    :   log10_Ee = Uniform(minimum=47.0, maximum=52.0, name='log10_Eext', latex_label='$\\log_{10}E^{\\rm{e}}$', unit=None, boundary=None)
10:29 bilby INFO    :   Ebv = Interped(xx=array([0.    , 0.5724]), yy=array([3.4940601, 0.       ]), minimum=0.0, maximum=0.5724, name='Ebv', latex_label='$E(B-V)$', unit=None, boundary=None)
10:29 bilby WARNING : Supplied argument 'npool' not an argument of 'Pymultinest', removing.
10:29 bilby WARNING : Supplied argument 'queue_size' not an argument of 'Pymultinest', removing.
10:29 bilby WARNING : Supplied argument 'check_point_delta_t' not an argument of 'Pymultinest', removing.
10:29 bilby INFO    : Using sampler Pymultinest with kwargs {'importance_nested_sampling': False, 'resume': True, 'verbose': True, 'sampling_efficiency': 'parameter', 'n_live_points': 512, 'n_params': 6, 'n_clustering_params': None, 'wrapped_params': None, 'multimodal': True, 'const_efficiency_mode': False, 'evidence_tolerance': 0.5, 'n_iter_before_update': 100, 'null_log_evidence': -1e+90, 'max_modes': 100, 'mode_tolerance': -1e+90, 'seed': 42, 'context': 0, 'write_output': True, 'log_zero': -1e+100, 'max_iter': 0, 'init_MPI': False, 'dump_callback': <bound method Pymultinest._dump_callback of <bilby.core.sampler.pymultinest.Pymultinest object at 0x2b67ff931710>>}
10:29 bilby INFO    : Temporary directory incompatible with MPI, will run in original directory
10:29 bilby INFO    : Using output file ./ZTF22aatuvld/pm_Piro2021/
/home/cough052/shared/anaconda3/envs/nmma/lib/python3.7/site-packages/nmma-0.0.1-py3.7.egg/nmma/em/utils.py:472: RuntimeWarning: divide by zero encountered in true_divide
  L_early = prefactor * np.power(td / t, 4 / (n - 2))
/home/cough052/shared/anaconda3/envs/nmma/lib/python3.7/site-packages/nmma-0.0.1-py3.7.egg/nmma/em/utils.py:481: RuntimeWarning: divide by zero encountered in true_divide
  R_early = np.power(tph / t, 2 / (n - 1)) * vt * t
/home/cough052/shared/anaconda3/envs/nmma/lib/python3.7/site-packages/nmma-0.0.1-py3.7.egg/nmma/em/utils.py:481: RuntimeWarning: invalid value encountered in multiply
  R_early = np.power(tph / t, 2 / (n - 1)) * vt * t
/home/cough052/shared/anaconda3/envs/nmma/lib/python3.7/site-packages/nmma-0.0.1-py3.7.egg/nmma/em/utils.py:501: RuntimeWarning: divide by zero encountered in log10
  mAB = -2.5 * np.log10(F) - 48.6
ERROR in loglikelihood: x and y arrays must have at least 2 entries
/home/cough052/shared/anaconda3/envs/nmma/lib/python3.7/site-packages/nmma-0.0.1-py3.7.egg/nmma/em/utils.py:472: RuntimeWarning: divide by zero encountered in true_divide
  L_early = prefactor * np.power(td / t, 4 / (n - 2))
/home/cough052/shared/anaconda3/envs/nmma/lib/python3.7/site-packages/nmma-0.0.1-py3.7.egg/nmma/em/utils.py:481: RuntimeWarning: divide by zero encountered in true_divide
  R_early = np.power(tph / t, 2 / (n - 1)) * vt * t
/home/cough052/shared/anaconda3/envs/nmma/lib/python3.7/site-packages/nmma-0.0.1-py3.7.egg/nmma/em/utils.py:481: RuntimeWarning: invalid value encountered in multiply
  R_early = np.power(tph / t, 2 / (n - 1)) * vt * t
/home/cough052/shared/anaconda3/envs/nmma/lib/python3.7/site-packages/nmma-0.0.1-py3.7.egg/nmma/em/utils.py:501: RuntimeWarning: divide by zero encountered in log10
  mAB = -2.5 * np.log10(F) - 48.6
ERROR in loglikelihood: x and y arrays must have at least 2 entries
Traceback (most recent call last):
  File "/panfs/roc/groups/7/cough052/barna314/nmma_fitter/nmma_fit.py", line 195, in <module>
    joint_light_curve = joint_light_curve)
  File "/panfs/roc/groups/7/cough052/barna314/nmma_fitter/fit_utils.py", line 73, in get_bestfit_lightcurve
    posterior_samples = pd.read_csv(posterior_file, header=0, delimiter=' ')
  File "/home/cough052/shared/anaconda3/envs/nmma/lib/python3.7/site-packages/pandas/util/_decorators.py", line 311, in wrapper
    return func(*args, **kwargs)
  File "/home/cough052/shared/anaconda3/envs/nmma/lib/python3.7/site-packages/pandas/io/parsers/readers.py", line 586, in read_csv
    return _read(filepath_or_buffer, kwds)
  File "/home/cough052/shared/anaconda3/envs/nmma/lib/python3.7/site-packages/pandas/io/parsers/readers.py", line 482, in _read
    parser = TextFileReader(filepath_or_buffer, **kwds)
  File "/home/cough052/shared/anaconda3/envs/nmma/lib/python3.7/site-packages/pandas/io/parsers/readers.py", line 811, in __init__
    self._engine = self._make_engine(self.engine)
  File "/home/cough052/shared/anaconda3/envs/nmma/lib/python3.7/site-packages/pandas/io/parsers/readers.py", line 1040, in _make_engine
    return mapping[engine](self.f, **self.options)  # type: ignore[call-arg]
  File "/home/cough052/shared/anaconda3/envs/nmma/lib/python3.7/site-packages/pandas/io/parsers/c_parser_wrapper.py", line 51, in __init__
    self._open_handles(src, kwds)
  File "/home/cough052/shared/anaconda3/envs/nmma/lib/python3.7/site-packages/pandas/io/parsers/base_parser.py", line 229, in _open_handles
    errors=kwds.get("encoding_errors", "strict"),
  File "/home/cough052/shared/anaconda3/envs/nmma/lib/python3.7/site-packages/pandas/io/common.py", line 706, in get_handle
    newline="",
FileNotFoundError: [Errno 2] No such file or directory: './ZTF22aatuvld/Piro2021_posterior_samples.dat'
Job 148691257 for candidate ZTF22aatuvld with model nugent-hyper completed. Produced the following output: 
 MultiNest Warning: no resume file found, starting from scratch
 *****************************************************
 MultiNest v3.10
 Copyright Farhan Feroz & Mike Hobson
 Release Jul 2015

 no. of live points =  512
 dimensionality =    5
 *****************************************************
 Starting MultiNest
 generating live points
 live points generated, starting sampling
Acceptance Rate:                        0.998224
Replacements:                                562
Total Samples:                               563
Nested Sampling ln(Z):               -155.993095
Acceptance Rate:                        0.979200
Replacements:                                612
Total Samples:                               625
Nested Sampling ln(Z):               -130.716476
Acceptance Rate:                        0.945714
Replacements:                                662
Total Samples:                               700
Nested Sampling ln(Z):               -112.985276
Acceptance Rate:                        0.930719
Replacements:                                712
Total Samples:                               765
Nested Sampling ln(Z):                -99.872355
Acceptance Rate:                        0.921403
Replacements:                                762
Total Samples:                               827
Nested Sampling ln(Z):                -90.122942
Acceptance Rate:                        0.889376
Replacements:                                812
Total Samples:                               913
Nested Sampling ln(Z):                -81.816894
Acceptance Rate:                        0.877800
Replacements:                                862
Total Samples:                               982
Nested Sampling ln(Z):                -74.392761
Acceptance Rate:                        0.856338
Replacements:                                912
Total Samples:                              1065
Nested Sampling ln(Z):                -67.134617
Acceptance Rate:                        0.836522
Replacements:                                962
Total Samples:                              1150
Nested Sampling ln(Z):                -59.704574
Acceptance Rate:                        0.828151
Replacements:                               1012
Total Samples:                              1222
Nested Sampling ln(Z):                -54.685774
Acceptance Rate:                        0.815668
Replacements:                               1062
Total Samples:                              1302
Nested Sampling ln(Z):                -50.810383
Acceptance Rate:                        0.801730
Replacements:                               1112
Total Samples:                              1387
Nested Sampling ln(Z):                -47.125885
Acceptance Rate:                        0.793174
Replacements:                               1162
Total Samples:                              1465
Nested Sampling ln(Z):                -43.968972
Acceptance Rate:                        0.777421
Replacements:                               1212
Total Samples:                              1559
Nested Sampling ln(Z):                -40.267706
Acceptance Rate:                        0.765312
Replacements:                               1262
Total Samples:                              1649
Nested Sampling ln(Z):                -37.909162
Acceptance Rate:                        0.752294
Replacements:                               1312
Total Samples:                              1744
Nested Sampling ln(Z):                -35.850540
Acceptance Rate:                        0.745077
Replacements:                               1362
Total Samples:                              1828
Nested Sampling ln(Z):                -33.918194
Acceptance Rate:                        0.740042
Replacements:                               1412
Total Samples:                              1908
Nested Sampling ln(Z):                -31.772993
Acceptance Rate:                        0.733936
Replacements:                               1462
Total Samples:                              1992
Nested Sampling ln(Z):                -29.550328
Acceptance Rate:                        0.725180
Replacements:                               1512
Total Samples:                              2085
Nested Sampling ln(Z):                -27.930159
Acceptance Rate:                        0.717831
Replacements:                               1562
Total Samples:                              2176
Nested Sampling ln(Z):                -26.464451
Acceptance Rate:                        0.711700
Replacements:                               1612
Total Samples:                              2265
Nested Sampling ln(Z):                -25.308157
Acceptance Rate:                        0.707535
Replacements:                               1662
Total Samples:                              2349
Nested Sampling ln(Z):                -24.359623
Acceptance Rate:                        0.697068
Replacements:                               1712
Total Samples:                              2456
Nested Sampling ln(Z):                -23.557976
Acceptance Rate:                        0.696168
Replacements:                               1762
Total Samples:                              2531
Nested Sampling ln(Z):                -22.882085
Acceptance Rate:                        0.690286
Replacements:                               1812
Total Samples:                              2625
Nested Sampling ln(Z):                -22.258334
Acceptance Rate:                        0.688355
Replacements:                               1862
Total Samples:                              2705
Nested Sampling ln(Z):                -21.748287
Acceptance Rate:                        0.681640
Replacements:                               1912
Total Samples:                              2805
Nested Sampling ln(Z):                -21.321229
Acceptance Rate:                        0.674691
Replacements:                               1962
Total Samples:                              2908
Nested Sampling ln(Z):                -20.942800
Acceptance Rate:                        0.667995
Replacements:                               2012
Total Samples:                              3012
Nested Sampling ln(Z):                -20.617771
Acceptance Rate:                        0.663236
Replacements:                               2062
Total Samples:                              3109
Nested Sampling ln(Z):                -20.341136
Acceptance Rate:                        0.657125
Replacements:                               2112
Total Samples:                              3214
Nested Sampling ln(Z):                -20.105840
Acceptance Rate:                        0.653567
Replacements:                               2162
Total Samples:                              3308
Nested Sampling ln(Z):                -19.901406
Acceptance Rate:                        0.646217
Replacements:                               2212
Total Samples:                              3423
Nested Sampling ln(Z):                -19.711398
Acceptance Rate:                        0.640430
Replacements:                               2262
Total Samples:                              3532
Nested Sampling ln(Z):                -19.542006
Acceptance Rate:                        0.636564
Replacements:                               2312
Total Samples:                              3632
Nested Sampling ln(Z):                -19.387670
Acceptance Rate:                        0.636143
Replacements:                               2362
Total Samples:                              3713
Nested Sampling ln(Z):                -19.244794
Acceptance Rate:                        0.632075
Replacements:                               2412
Total Samples:                              3816
Nested Sampling ln(Z):                -19.111303
Acceptance Rate:                        0.629990
Replacements:                               2462
Total Samples:                              3908
Nested Sampling ln(Z):                -18.987753
Acceptance Rate:                        0.626122
Replacements:                               2512
Total Samples:                              4012
Nested Sampling ln(Z):                -18.875507
Acceptance Rate:                        0.623206
Replacements:                               2562
Total Samples:                              4111
Nested Sampling ln(Z):                -18.774067
Acceptance Rate:                        0.618664
Replacements:                               2612
Total Samples:                              4222
Nested Sampling ln(Z):                -18.679248
Acceptance Rate:                        0.615776
Replacements:                               2662
Total Samples:                              4323
Nested Sampling ln(Z):                -18.590529
Acceptance Rate:                        0.614130
Replacements:                               2712
Total Samples:                              4416
Nested Sampling ln(Z):                -18.507222
Acceptance Rate:                        0.610657
Replacements:                               2762
Total Samples:                              4523
Nested Sampling ln(Z):                -18.427100
Acceptance Rate:                        0.608263
Replacements:                               2812
Total Samples:                              4623
Nested Sampling ln(Z):                -18.351887
Acceptance Rate:                        0.606484
Replacements:                               2862
Total Samples:                              4719
Nested Sampling ln(Z):                -18.280711
Acceptance Rate:                        0.603148
Replacements:                               2912
Total Samples:                              4828
Nested Sampling ln(Z):                -18.213262
Acceptance Rate:                        0.601299
Replacements:                               2962
Total Samples:                              4926
Nested Sampling ln(Z):                -18.149666
Acceptance Rate:                        0.599045
Replacements:                               3012
Total Samples:                              5028
Nested Sampling ln(Z):                -18.090435
Acceptance Rate:                        0.598631
Replacements:                               3062
Total Samples:                              5115
Nested Sampling ln(Z):                -18.034748
Acceptance Rate:                        0.597428
Replacements:                               3112
Total Samples:                              5209
Nested Sampling ln(Z):                -17.981926
Acceptance Rate:                        0.596604
Replacements:                               3162
Total Samples:                              5300
Nested Sampling ln(Z):                -17.931093
Acceptance Rate:                        0.596915
Replacements:                               3212
Total Samples:                              5381
Nested Sampling ln(Z):                -17.883038
Acceptance Rate:                        0.595690
Replacements:                               3262
Total Samples:                              5476
Nested Sampling ln(Z):                -17.837555
Acceptance Rate:                        0.593868
Replacements:                               3312
Total Samples:                              5577
Nested Sampling ln(Z):                -17.794670
Acceptance Rate:                        0.592841
Replacements:                               3362
Total Samples:                              5671
Nested Sampling ln(Z):                -17.754392
Acceptance Rate:                        0.592156
Replacements:                               3412
Total Samples:                              5762
Nested Sampling ln(Z):                -17.716504
Acceptance Rate:                        0.592301
Replacements:                               3462
Total Samples:                              5845
Nested Sampling ln(Z):                -17.680786
Acceptance Rate:                        0.590749
Replacements:                               3512
Total Samples:                              5945
Nested Sampling ln(Z):                -17.647245
Acceptance Rate:                        0.590419
Replacements:                               3562
Total Samples:                              6033
Nested Sampling ln(Z):                -17.615899
Acceptance Rate:                        0.589329
Replacements:                               3612
Total Samples:                              6129
Nested Sampling ln(Z):                -17.586914
Acceptance Rate:                        0.588935
Replacements:                               3662
Total Samples:                              6218
Nested Sampling ln(Z):                -17.559968
Acceptance Rate:                        0.586877
Replacements:                               3712
Total Samples:                              6325
Nested Sampling ln(Z):                -17.534737
Acceptance Rate:                        0.586895
Replacements:                               3762
Total Samples:                              6410
Nested Sampling ln(Z):                -17.511329
Acceptance Rate:                        0.585561
Replacements:                               3812
Total Samples:                              6510
Nested Sampling ln(Z):                -17.489565
Acceptance Rate:                        0.585629
Replacements:                               3847
Total Samples:                              6569
Nested Sampling ln(Z):                -17.475144
 ln(ev)=  -17.231945325437042      +/-   8.2869555249418497E-002
 Total Likelihood Evaluations:         6569
 Sampling finished. Exiting MultiNest
Running with filters dict_keys(['r', 'g'])
  analysing data from ./ZTF22aatuvld/pm_nugent-hyper/.txt
Running with filters dict_keys(['r', 'g'])
  analysing data from ./ZTF22aatuvld/pm_nugent-hyper/.txt
Job 148691256 for candidate ZTF22aatuvld with model Bu2019lm completed. Produced the following output: 
 MultiNest Warning: no resume file found, starting from scratch
 *****************************************************
 MultiNest v3.10
 Copyright Farhan Feroz & Mike Hobson
 Release Jul 2015

 no. of live points =  512
 dimensionality =    7
 *****************************************************
 Starting MultiNest
 generating live points
 live points generated, starting sampling
Acceptance Rate:                        0.996454
Replacements:                                562
Total Samples:                               564
Nested Sampling ln(Z):                -97.569324
Acceptance Rate:                        0.976077
Replacements:                                612
Total Samples:                               627
Nested Sampling ln(Z):                -89.048162
Acceptance Rate:                        0.952518
Replacements:                                662
Total Samples:                               695
Nested Sampling ln(Z):                -83.453215
Acceptance Rate:                        0.925878
Replacements:                                712
Total Samples:                               769
Nested Sampling ln(Z):                -78.488747
Acceptance Rate:                        0.892272
Replacements:                                762
Total Samples:                               854
Nested Sampling ln(Z):                -74.335549
Acceptance Rate:                        0.870311
Replacements:                                812
Total Samples:                               933
Nested Sampling ln(Z):                -71.862455
Acceptance Rate:                        0.822519
Replacements:                                862
Total Samples:                              1048
Nested Sampling ln(Z):                -68.805072
Acceptance Rate:                        0.805654
Replacements:                                912
Total Samples:                              1132
Nested Sampling ln(Z):                -65.969196
Acceptance Rate:                        0.767145
Replacements:                                962
Total Samples:                              1254
Nested Sampling ln(Z):                -63.508498
Acceptance Rate:                        0.752416
Replacements:                               1012
Total Samples:                              1345
Nested Sampling ln(Z):                -60.953733
Acceptance Rate:                        0.740070
Replacements:                               1062
Total Samples:                              1435
Nested Sampling ln(Z):                -58.710601
Acceptance Rate:                        0.733993
Replacements:                               1112
Total Samples:                              1515
Nested Sampling ln(Z):                -56.628420
Acceptance Rate:                        0.729899
Replacements:                               1162
Total Samples:                              1592
Nested Sampling ln(Z):                -54.989662
Acceptance Rate:                        0.728803
Replacements:                               1212
Total Samples:                              1663
Nested Sampling ln(Z):                -53.453103
Acceptance Rate:                        0.721968
Replacements:                               1262
Total Samples:                              1748
Nested Sampling ln(Z):                -52.010351
Acceptance Rate:                        0.717724
Replacements:                               1312
Total Samples:                              1828
Nested Sampling ln(Z):                -50.591401
Acceptance Rate:                        0.706065
Replacements:                               1362
Total Samples:                              1929
Nested Sampling ln(Z):                -49.147277
Acceptance Rate:                        0.703888
Replacements:                               1412
Total Samples:                              2006
Nested Sampling ln(Z):                -47.584829
Acceptance Rate:                        0.694207
Replacements:                               1462
Total Samples:                              2106
Nested Sampling ln(Z):                -46.306902
Acceptance Rate:                        0.691042
Replacements:                               1512
Total Samples:                              2188
Nested Sampling ln(Z):                -45.079631
Acceptance Rate:                        0.685388
Replacements:                               1562
Total Samples:                              2279
Nested Sampling ln(Z):                -44.013641
Acceptance Rate:                        0.675410
Replacements:                               1648
Total Samples:                              2440
Nested Sampling ln(Z):                -42.099934
Acceptance Rate:                        0.655418
Replacements:                               1748
Total Samples:                              2667
Nested Sampling ln(Z):                -39.897968
Acceptance Rate:                        0.640111
Replacements:                               1848
Total Samples:                              2887
Nested Sampling ln(Z):                -38.560930
Acceptance Rate:                        0.591738
Replacements:                               1948
Total Samples:                              3292
Nested Sampling ln(Z):                -37.748932
Acceptance Rate:                        0.571907
Replacements:                               2048
Total Samples:                              3581
Nested Sampling ln(Z):                -37.202691
Acceptance Rate:                        0.561275
Replacements:                               2148
Total Samples:                              3827
Nested Sampling ln(Z):                -36.839610
Acceptance Rate:                        0.555833
Replacements:                               2225
Total Samples:                              4003
Nested Sampling ln(Z):                -36.661909
Acceptance Rate:                        0.554743
Replacements:                               2275
Total Samples:                              4101
Nested Sampling ln(Z):                -36.515983
Acceptance Rate:                        0.554363
Replacements:                               2325
Total Samples:                              4194
Nested Sampling ln(Z):                -36.291790
Acceptance Rate:                        0.553097
Replacements:                               2375
Total Samples:                              4294
Nested Sampling ln(Z):                -36.005971
Acceptance Rate:                        0.553527
Replacements:                               2425
Total Samples:                              4381
Nested Sampling ln(Z):                -35.626789
Acceptance Rate:                        0.550857
Replacements:                               2475
Total Samples:                              4493
Nested Sampling ln(Z):                -35.208164
Acceptance Rate:                        0.549989
Replacements:                               2525
Total Samples:                              4591
Nested Sampling ln(Z):                -34.772837
Acceptance Rate:                        0.550449
Replacements:                               2575
Total Samples:                              4678
Nested Sampling ln(Z):                -34.337162
Acceptance Rate:                        0.550314
Replacements:                               2625
Total Samples:                              4770
Nested Sampling ln(Z):                -33.906339
Acceptance Rate:                        0.548831
Replacements:                               2675
Total Samples:                              4874
Nested Sampling ln(Z):                -33.503113
Acceptance Rate:                        0.548731
Replacements:                               2725
Total Samples:                              4966
Nested Sampling ln(Z):                -33.103868
Acceptance Rate:                        0.548311
Replacements:                               2775
Total Samples:                              5061
Nested Sampling ln(Z):                -32.728489
Acceptance Rate:                        0.545472
Replacements:                               2825
Total Samples:                              5179
Nested Sampling ln(Z):                -32.379060
Acceptance Rate:                        0.542453
Replacements:                               2875
Total Samples:                              5300
Nested Sampling ln(Z):                -32.090005
Acceptance Rate:                        0.539668
Replacements:                               2925
Total Samples:                              5420
Nested Sampling ln(Z):                -31.842158
Acceptance Rate:                        0.536519
Replacements:                               2975
Total Samples:                              5545
Nested Sampling ln(Z):                -31.628055
Acceptance Rate:                        0.536538
Replacements:                               3025
Total Samples:                              5638
Nested Sampling ln(Z):                -31.441800
Acceptance Rate:                        0.533576
Replacements:                               3075
Total Samples:                              5763
Nested Sampling ln(Z):                -31.273194
Acceptance Rate:                        0.532187
Replacements:                               3125
Total Samples:                              5872
Nested Sampling ln(Z):                -31.114791
Acceptance Rate:                        0.530936
Replacements:                               3175
Total Samples:                              5980
Nested Sampling ln(Z):                -30.964048
Acceptance Rate:                        0.529122
Replacements:                               3225
Total Samples:                              6095
Nested Sampling ln(Z):                -30.825871
Acceptance Rate:                        0.527715
Replacements:                               3275
Total Samples:                              6206
Nested Sampling ln(Z):                -30.699795
Acceptance Rate:                        0.524862
Replacements:                               3325
Total Samples:                              6335
Nested Sampling ln(Z):                -30.585650
Acceptance Rate:                        0.524150
Replacements:                               3375
Total Samples:                              6439
Nested Sampling ln(Z):                -30.480571
Acceptance Rate:                        0.523060
Replacements:                               3425
Total Samples:                              6548
Nested Sampling ln(Z):                -30.383377
Acceptance Rate:                        0.521772
Replacements:                               3475
Total Samples:                              6660
Nested Sampling ln(Z):                -30.294820
Acceptance Rate:                        0.519835
Replacements:                               3525
Total Samples:                              6781
Nested Sampling ln(Z):                -30.214087
Acceptance Rate:                        0.517816
Replacements:                               3575
Total Samples:                              6904
Nested Sampling ln(Z):                -30.140167
Acceptance Rate:                        0.517045
Replacements:                               3625
Total Samples:                              7011
Nested Sampling ln(Z):                -30.071472
Acceptance Rate:                        0.514778
Replacements:                               3675
Total Samples:                              7139
Nested Sampling ln(Z):                -30.006755
Acceptance Rate:                        0.512732
Replacements:                               3725
Total Samples:                              7265
Nested Sampling ln(Z):                -29.946214
Acceptance Rate:                        0.510964
Replacements:                               3775
Total Samples:                              7388
Nested Sampling ln(Z):                -29.889916
Acceptance Rate:                        0.509796
Replacements:                               3825
Total Samples:                              7503
Nested Sampling ln(Z):                -29.838203
Acceptance Rate:                        0.507531
Replacements:                               3875
Total Samples:                              7635
Nested Sampling ln(Z):                -29.789626
Acceptance Rate:                        0.505408
Replacements:                               3925
Total Samples:                              7766
Nested Sampling ln(Z):                -29.744149
Acceptance Rate:                        0.505083
Replacements:                               3975
Total Samples:                              7870
Nested Sampling ln(Z):                -29.702526
Acceptance Rate:                        0.503440
Replacements:                               4025
Total Samples:                              7995
Nested Sampling ln(Z):                -29.663589
Acceptance Rate:                        0.502838
Replacements:                               4075
Total Samples:                              8104
Nested Sampling ln(Z):                -29.627906
Acceptance Rate:                        0.500850
Replacements:                               4125
Total Samples:                              8236
Nested Sampling ln(Z):                -29.594946
Acceptance Rate:                        0.497201
Replacements:                               4175
Total Samples:                              8397
Nested Sampling ln(Z):                -29.564739
Acceptance Rate:                        0.493863
Replacements:                               4225
Total Samples:                              8555
Nested Sampling ln(Z):                -29.536957
Acceptance Rate:                        0.492171
Replacements:                               4275
Total Samples:                              8686
Nested Sampling ln(Z):                -29.511276
Acceptance Rate:                        0.490307
Replacements:                               4325
Total Samples:                              8821
Nested Sampling ln(Z):                -29.487693
Acceptance Rate:                        0.489922
Replacements:                               4375
Total Samples:                              8930
Nested Sampling ln(Z):                -29.465903
Acceptance Rate:                        0.488411
Replacements:                               4425
Total Samples:                              9060
Nested Sampling ln(Z):                -29.445855
Acceptance Rate:                        0.485885
Replacements:                               4475
Total Samples:                              9210
Nested Sampling ln(Z):                -29.427411
Acceptance Rate:                        0.484216
Replacements:                               4525
Total Samples:                              9345
Nested Sampling ln(Z):                -29.410524
Acceptance Rate:                        0.482209
Replacements:                               4567
Total Samples:                              9471
Nested Sampling ln(Z):                -29.397379
 ln(ev)=  -29.218240025888193      +/-   9.4870160472035836E-002
 Total Likelihood Evaluations:         9471
 Sampling finished. Exiting MultiNest
Running with filters dict_keys(['r', 'g'])
  analysing data from ./ZTF22aatuvld/pm_Bu2019lm/.txt
Running with filters dict_keys(['r', 'g'])
  analysing data from ./ZTF22aatuvld/pm_Bu2019lm/.txt
Job 148691258 for candidate ZTF22aatuvld with model TrPi2018 completed. Produced the following output: 
 MultiNest Warning: no resume file found, starting from scratch
 *****************************************************
 MultiNest v3.10
 Copyright Farhan Feroz & Mike Hobson
 Release Jul 2015

 no. of live points =  128
 dimensionality =   11
 *****************************************************
 Starting MultiNest
 generating live points
Running with filters dict_keys(['r', 'g'])
Running with filters dict_keys(['r', 'g'])
Running with filters dict_keys(['r', 'g'])
Running with filters dict_keys(['r', 'g'])
 live points generated, starting sampling
Acceptance Rate:                        0.956989
Replacements:                                178
Total Samples:                               186
Nested Sampling ln(Z):              -2953.685368
Acceptance Rate:                        0.823105
Replacements:                                228
Total Samples:                               277
Nested Sampling ln(Z):              -1818.763290
Acceptance Rate:                        0.765840
Replacements:                                278
Total Samples:                               363
Nested Sampling ln(Z):              -1338.297016
Acceptance Rate:                        0.737079
Replacements:                                328
Total Samples:                               445
Nested Sampling ln(Z):               -944.567603
Acceptance Rate:                        0.676208
Replacements:                                378
Total Samples:                               559
Nested Sampling ln(Z):               -639.462190
Acceptance Rate:                        0.624818
Replacements:                                428
Total Samples:                               685
Nested Sampling ln(Z):               -452.084359
Acceptance Rate:                        0.571087
Replacements:                                478
Total Samples:                               837
Nested Sampling ln(Z):               -325.621116
Acceptance Rate:                        0.517140
Replacements:                                528
Total Samples:                              1021
Nested Sampling ln(Z):               -221.663845
Acceptance Rate:                        0.471068
Replacements:                                578
Total Samples:                              1227
Nested Sampling ln(Z):               -149.277650
Acceptance Rate:                        0.415894
Replacements:                                628
Total Samples:                              1510
Nested Sampling ln(Z):               -109.666769
Acceptance Rate:                        0.364320
Replacements:                                678
Total Samples:                              1861
Nested Sampling ln(Z):                -83.089598
Acceptance Rate:                        0.321271
Replacements:                                728
Total Samples:                              2266
Nested Sampling ln(Z):                -65.978375
Acceptance Rate:                        0.293696
Replacements:                                778
Total Samples:                              2649
Nested Sampling ln(Z):                -54.105776
Acceptance Rate:                        0.271386
Replacements:                                828
Total Samples:                              3051
Nested Sampling ln(Z):                -46.334162
Acceptance Rate:                        0.249574
Replacements:                                878
Total Samples:                              3518
Nested Sampling ln(Z):                -41.611287
Acceptance Rate:                        0.233283
Replacements:                                928
Total Samples:                              3978
Nested Sampling ln(Z):                -37.120201
Acceptance Rate:                        0.224312
Replacements:                                978
Total Samples:                              4360
Nested Sampling ln(Z):                -33.933539
Acceptance Rate:                        0.214838
Replacements:                               1028
Total Samples:                              4785
Nested Sampling ln(Z):                -31.331572
Acceptance Rate:                        0.203781
Replacements:                               1078
Total Samples:                              5290
Nested Sampling ln(Z):                -29.614106
Acceptance Rate:                        0.198312
Replacements:                               1128
Total Samples:                              5688
Nested Sampling ln(Z):                -28.334099
Acceptance Rate:                        0.187729
Replacements:                               1178
Total Samples:                              6275
Nested Sampling ln(Z):                -27.323544
Acceptance Rate:                        0.173495
Replacements:                               1228
Total Samples:                              7078
Nested Sampling ln(Z):                -26.447255
Acceptance Rate:                        0.165694
Replacements:                               1278
Total Samples:                              7713
Nested Sampling ln(Z):                -25.825254
Acceptance Rate:                        0.155267
Replacements:                               1328
Total Samples:                              8553
Nested Sampling ln(Z):                -25.351414
Acceptance Rate:                        0.145236
Replacements:                               1378
Total Samples:                              9488
Nested Sampling ln(Z):                -24.981195
Acceptance Rate:                        0.139671
Replacements:                               1428
Total Samples:                             10224
Nested Sampling ln(Z):                -24.721714
Acceptance Rate:                        0.132023
Replacements:                               1478
Total Samples:                             11195
Nested Sampling ln(Z):                -24.514151
Acceptance Rate:                        0.121986
Replacements:                               1528
Total Samples:                             12526
Nested Sampling ln(Z):                -24.349206
Acceptance Rate:                        0.112843
Replacements:                               1578
Total Samples:                             13984
Nested Sampling ln(Z):                -24.223678
Acceptance Rate:                        0.107936
Replacements:                               1628
Total Samples:                             15083
Nested Sampling ln(Z):                -24.122549
Acceptance Rate:                        0.101926
Replacements:                               1683
Total Samples:                             16512
Nested Sampling ln(Z):                -24.029415
Acceptance Rate:                        0.099267
Replacements:                               1733
Total Samples:                             17458
Nested Sampling ln(Z):                -23.964489
Acceptance Rate:                        0.098734
Replacements:                               1739
Total Samples:                             17613
Nested Sampling ln(Z):                -23.957735
 ln(ev)=  -23.755017276665381      +/-  0.26487700905932865     
 Total Likelihood Evaluations:        17613
 Sampling finished. Exiting MultiNest
  analysing data from ./ZTF22aatuvld/pm_TrPi2018/.txt
  analysing data from ./ZTF22aatuvld/pm_TrPi2018/.txt
  analysing data from ./ZTF22aatuvld/pm_TrPi2018/.txt
  analysing data from ./ZTF22aatuvld/pm_TrPi2018/.txt
