17:24 INFO    : Running for label 'abwysqy_Bu2019lm', output will be saved to './outdir/abwysqyTomas_Bu2019lm'
17:24 INFO    : Analysis priors:
17:24 INFO    : luminosity_distance=Uniform(minimum=0.0, maximum=200.0, name='luminosity_distance', latex_label='$D_L$', unit=None, boundary=None)
17:24 INFO    : KNphi=Uniform(minimum=15.0, maximum=75.0, name='KNphi', latex_label='$\\Phi$', unit=None, boundary=None)
17:24 INFO    : inclination_EM=Sine(minimum=0.0, maximum=1.5707963267948966, name='inclination_EM', latex_label='$\\iota$', unit=None, boundary=None)
17:24 INFO    : log10_mej_dyn=Uniform(minimum=-3.0, maximum=-1.0, name='log10_mej_dyn', latex_label='$\\log_{10}M^{\\rm{dyn}}_{\\rm{ej}}$', unit=None, boundary=None)
17:24 INFO    : log10_mej_wind=Uniform(minimum=-3.0, maximum=-0.5, name='log10_mej_wind', latex_label='$\\log_{10}M^{\\rm{wind}}_{\\rm{ej}}$', unit=None, boundary=None)
17:24 INFO    : Ebv=Interped(xx=array([0.    , 0.5724]), yy=array([3.4940601, 0.       ]), minimum=0.0, maximum=0.5724, name='Ebv', latex_label='$E(B-V)$', unit=None, boundary=None)
17:24 INFO    : KNtimeshift=0.0
17:24 INFO    : Analysis likelihood class: <class 'nmma.em.likelihood.OpticalLightCurve'>
17:24 INFO    : Analysis likelihood noise evidence: 0.0
17:24 WARNING : Supplied argument 'queue_size' not an argument of 'Pymultinest', removing.
17:24 WARNING : Supplied argument 'check_point_delta_t' not an argument of 'Pymultinest', removing.
17:24 INFO    : Using sampler Pymultinest with kwargs {'importance_nested_sampling': False, 'resume': True, 'verbose': True, 'sampling_efficiency': 'parameter', 'n_live_points': 128, 'n_params': 6, 'n_clustering_params': None, 'wrapped_params': None, 'multimodal': True, 'const_efficiency_mode': False, 'evidence_tolerance': 0.5, 'n_iter_before_update': 100, 'null_log_evidence': -1e+90, 'max_modes': 100, 'mode_tolerance': -1e+90, 'seed': 42, 'context': 0, 'write_output': True, 'log_zero': -1e+100, 'max_iter': 0, 'init_MPI': False, 'dump_callback': <bound method Pymultinest._dump_callback of <bilby.core.sampler.pymultinest.Pymultinest object at 0x7f16db7fcd90>>}
17:24 INFO    : Using temporary file /tmp/tmpnygspao7
17:30 INFO    : Overwriting ./outdir/abwysqyTomas_Bu2019lm/pm_abwysqy_Bu2019lm/ with /tmp/tmpnygspao7/
17:30 INFO    : Overwriting ./outdir/abwysqyTomas_Bu2019lm/pm_abwysqy_Bu2019lm/ with /tmp/tmpnygspao7/
17:30 INFO    : Overwriting ./outdir/abwysqyTomas_Bu2019lm/pm_abwysqy_Bu2019lm/ with /tmp/tmpnygspao7/
17:30 INFO    : Sampling time: 0:06:23.447621
17:30 INFO    : Summary of results:
nsamples: 766
ln_noise_evidence:  0.000
ln_evidence: -14.231 +/-  0.163
ln_bayes_factor: -14.231 +/-  0.163

17:30 INFO    : Writing samples file to /home/tyler/nmma_fitter/outdir/abwysqyTomas_Bu2019lm/abwysqy_Bu2019lm_posterior_samples.dat
