15:49 INFO    : Running for label 'abwysqy_nugent-hyper', output will be saved to './outdir/abwysqyTomas_nugent-hyper'
15:49 INFO    : Analysis priors:
15:49 INFO    : luminosity_distance=Uniform(minimum=0, maximum=7000, name='luminosity_distance', latex_label='$D_L$', unit=None, boundary=None)
15:49 INFO    : inclination_EM=Sine(minimum=0, maximum=0.8, name='inclination_EM', latex_label='$\\iota$', unit=None, boundary=None)
15:49 INFO    : supernova_mag_boost=Uniform(minimum=-5.0, maximum=5.0, name='supernova_mag_boost', latex_label='$\\rm{SNmag}$', unit=None, boundary=None)
15:49 INFO    : Ebv=Interped(xx=array([0.    , 0.5724]), yy=array([3.4940601, 0.       ]), minimum=0.0, maximum=0.5724, name='Ebv', latex_label='$E(B-V)$', unit=None, boundary=None)
15:49 INFO    : KNtimeshift=0.0
15:49 INFO    : Analysis likelihood class: <class 'nmma.em.likelihood.OpticalLightCurve'>
15:49 INFO    : Analysis likelihood noise evidence: 0.0
15:49 WARNING : Supplied argument 'queue_size' not an argument of 'Pymultinest', removing.
15:49 WARNING : Supplied argument 'check_point_delta_t' not an argument of 'Pymultinest', removing.
15:49 INFO    : Using sampler Pymultinest with kwargs {'importance_nested_sampling': False, 'resume': True, 'verbose': True, 'sampling_efficiency': 'parameter', 'n_live_points': 128, 'n_params': 4, 'n_clustering_params': None, 'wrapped_params': None, 'multimodal': True, 'const_efficiency_mode': False, 'evidence_tolerance': 0.5, 'n_iter_before_update': 100, 'null_log_evidence': -1e+90, 'max_modes': 100, 'mode_tolerance': -1e+90, 'seed': 42, 'context': 0, 'write_output': True, 'log_zero': -1e+100, 'max_iter': 0, 'init_MPI': False, 'dump_callback': <bound method Pymultinest._dump_callback of <bilby.core.sampler.pymultinest.Pymultinest object at 0x7f0fee12cd30>>}
15:49 INFO    : Using temporary file /tmp/tmpjhcrn1ug
20:51 INFO    : Run interrupted by signal 2: checkpoint and exit on 77
20:51 INFO    : Overwriting ./outdir/abwysqyTomas_nugent-hyper/pm_abwysqy_nugent-hyper/ with /tmp/tmpjhcrn1ug/
13:06 INFO    : Running for label 'abwysqy_nugent-hyper', output will be saved to './outdir/abwysqyTomas_nugent-hyper'
13:06 INFO    : Analysis priors:
13:06 INFO    : luminosity_distance=Uniform(minimum=0, maximum=7000, name='luminosity_distance', latex_label='$D_L$', unit=None, boundary=None)
13:06 INFO    : inclination_EM=Sine(minimum=0, maximum=0.8, name='inclination_EM', latex_label='$\\iota$', unit=None, boundary=None)
13:06 INFO    : supernova_mag_boost=Uniform(minimum=-5.0, maximum=5.0, name='supernova_mag_boost', latex_label='$\\rm{SNmag}$', unit=None, boundary=None)
13:06 INFO    : Ebv=Interped(xx=array([0.    , 0.5724]), yy=array([3.4940601, 0.       ]), minimum=0.0, maximum=0.5724, name='Ebv', latex_label='$E(B-V)$', unit=None, boundary=None)
13:06 INFO    : KNtimeshift=0.0
13:06 INFO    : Analysis likelihood class: <class 'nmma.em.likelihood.OpticalLightCurve'>
13:06 INFO    : Analysis likelihood noise evidence: 0.0
13:06 WARNING : Supplied argument 'queue_size' not an argument of 'Pymultinest', removing.
13:06 WARNING : Supplied argument 'check_point_delta_t' not an argument of 'Pymultinest', removing.
13:06 INFO    : Using sampler Pymultinest with kwargs {'importance_nested_sampling': False, 'resume': True, 'verbose': True, 'sampling_efficiency': 'parameter', 'n_live_points': 128, 'n_params': 4, 'n_clustering_params': None, 'wrapped_params': None, 'multimodal': True, 'const_efficiency_mode': False, 'evidence_tolerance': 0.5, 'n_iter_before_update': 100, 'null_log_evidence': -1e+90, 'max_modes': 100, 'mode_tolerance': -1e+90, 'seed': 42, 'context': 0, 'write_output': True, 'log_zero': -1e+100, 'max_iter': 0, 'init_MPI': False, 'dump_callback': <bound method Pymultinest._dump_callback of <bilby.core.sampler.pymultinest.Pymultinest object at 0x7f090ebf8eb0>>}
13:06 INFO    : Using temporary file /tmp/tmpzkjvnchs
13:06 INFO    : Run interrupted by signal 2: checkpoint and exit on 77
13:06 INFO    : Overwriting ./outdir/abwysqyTomas_nugent-hyper/pm_abwysqy_nugent-hyper/ with /tmp/tmpzkjvnchs/
